#
# There is insufficient memory for the Java Runtime Environment to continue.
# Native memory allocation (malloc) failed to allocate 71696 bytes for Chunk::new
# Possible reasons:
#   The system is out of physical RAM or swap space
#   The process is running with CompressedOops enabled, and the Java Heap may be blocking the growth of the native heap
# Possible solutions:
#   Reduce memory load on the system
#   Increase physical memory or swap space
#   Check if swap backing store is full
#   Decrease Java heap size (-Xmx/-Xms)
#   Decrease number of Java threads
#   Decrease Java thread stack sizes (-Xss)
#   Set larger code cache with -XX:ReservedCodeCacheSize=
#   JVM is running with Unscaled Compressed Oops mode in which the Java heap is
#     placed in the first 4GB address space. The Java Heap base address is the
#     maximum limit for the native heap growth. Please use -XX:HeapBaseMinAddress
#     to set the Java Heap base and to place the Java Heap above 4GB virtual address.
# This output file may be truncated or incomplete.
#
#  Out of Memory Error (./open/src/hotspot/share/memory/arena.cpp:197), pid=53492, tid=45996
#
# JRE version: Java(TM) SE Runtime Environment 18.9 (11.0.11+9) (build 11.0.11+9-LTS-194)
# Java VM: Java HotSpot(TM) 64-Bit Server VM 18.9 (11.0.11+9-LTS-194, mixed mode, tiered, compressed oops, g1 gc, windows-amd64)
# No core dump will be written. Minidumps are not enabled by default on client versions of Windows
#

---------------  S U M M A R Y ------------

Command Line: -ea -Dfile.encoding=Cp1252 org.eclipse.jdt.internal.junit.runner.RemoteTestRunner -version 3 -port 62181 -testLoaderClass org.eclipse.jdt.internal.junit5.runner.JUnit5TestLoader -loaderpluginname org.eclipse.jdt.junit5.runtime -packageNameFile C:\Users\gjose\AppData\Local\Temp\packageNames1237060614880059916.txt

Host: Intel(R) Core(TM) i5-1035G7 CPU @ 1.20GHz, 8 cores, 7G,  Windows 10 , 64 bit Build 19041 (10.0.19041.1348)
Time: Sun Nov 21 16:43:19 2021 GMT Standard Time elapsed time: 277.430783 seconds (0d 0h 4m 37s)

---------------  T H R E A D  ---------------

Current thread (0x0000021b59e34000):  JavaThread "C2 CompilerThread0" daemon [_thread_in_native, id=45996, stack(0x000000bed9600000,0x000000bed9700000)]


Current CompileTask:
C2: 277431 4887       4       sun.net.www.ParseUtil::encodePath (41 bytes)

Stack: [0x000000bed9600000,0x000000bed9700000]
Native frames: (J=compiled Java code, j=interpreted, Vv=VM code, C=native code)
V  [jvm.dll+0x616f2a]
V  [jvm.dll+0x74de7f]
V  [jvm.dll+0x74f505]
V  [jvm.dll+0x74fb83]
V  [jvm.dll+0x2436d8]
V  [jvm.dll+0xba68c]
V  [jvm.dll+0xbad8c]
V  [jvm.dll+0x2b3ee4]
V  [jvm.dll+0x52c0f6]
V  [jvm.dll+0x20506d]
V  [jvm.dll+0x1ff0aa]
V  [jvm.dll+0x1fc10f]
V  [jvm.dll+0x17f0bc]
V  [jvm.dll+0x20b68c]
V  [jvm.dll+0x20978b]
V  [jvm.dll+0x7152c9]
V  [jvm.dll+0x70dfc4]
V  [jvm.dll+0x6160f6]
C  [ucrtbase.dll+0x21bb2]
C  [KERNEL32.DLL+0x17034]
C  [ntdll.dll+0x52651]


---------------  P R O C E S S  ---------------

Threads class SMR info:
_java_thread_list=0x0000021b5b5c24c0, length=197, elements={
0x0000021b3b3a5000, 0x0000021b59e19800, 0x0000021b59e1a000, 0x0000021b59e26800,
0x0000021b59e29800, 0x0000021b59e34000, 0x0000021b59e36000, 0x0000021b59e37000,
0x0000021b5a92c000, 0x0000021b5a93b000, 0x0000021b5b118800, 0x0000021b5c092000,
0x0000021b5b6ae800, 0x0000021b5ba2d800, 0x0000021b5c27d800, 0x0000021b5c27f800,
0x0000021b5c280800, 0x0000021b5c255000, 0x0000021b5c27e000, 0x0000021b5c2c8000,
0x0000021b5c2c4000, 0x0000021b5c2c9000, 0x0000021b5c2c9800, 0x0000021b5c2ca800,
0x0000021b5c2c5000, 0x0000021b5c2c7800, 0x0000021b5c2c5800, 0x0000021b5ae4c800,
0x0000021b5ae4d800, 0x0000021b5ae4e000, 0x0000021b5ae48800, 0x0000021b5ae4f000,
0x0000021b5ae49000, 0x0000021b5ae4f800, 0x0000021b5ae4a000, 0x0000021b5ae4b800,
0x0000021b5ae4b000, 0x0000021b5ae55800, 0x0000021b5ae50800, 0x0000021b5ae56000,
0x0000021b5ae52000, 0x0000021b5ae57000, 0x0000021b5ae54800, 0x0000021b5ae53000,
0x0000021b5ae54000, 0x0000021b5c2c6800, 0x0000021b5ae51800, 0x0000021b5ae3c000,
0x0000021b5ae39000, 0x0000021b5ae3d000, 0x0000021b5ae3a800, 0x0000021b5ae3d800,
0x0000021b5ae38000, 0x0000021b5ae3e800, 0x0000021b5ae3f800, 0x0000021b5ae3b000,
0x0000021b5ae39800, 0x0000021b5ae45000, 0x0000021b5ae41000, 0x0000021b5ae44000,
0x0000021b5ae43800, 0x0000021b5ae42000, 0x0000021b5ae40000, 0x0000021b5ae46000,
0x0000021b5ae46800, 0x0000021b5ae42800, 0x0000021b5d80a800, 0x0000021b5d80f000,
0x0000021b5d80c000, 0x0000021b5d810000, 0x0000021b5d80e800, 0x0000021b5d80d800,
0x0000021b5d811000, 0x0000021b5d80b000, 0x0000021b5d812800, 0x0000021b5d811800,
0x0000021b5d80c800, 0x0000021b5d816800, 0x0000021b5d818000, 0x0000021b5d817800,
0x0000021b5d815800, 0x0000021b5d814000, 0x0000021b5d819000, 0x0000021b5d813800,
0x0000021b5d815000, 0x0000021b5bb11800, 0x0000021b5bb10800, 0x0000021b5bb13000,
0x0000021b5bb12000, 0x0000021b5bb0d800, 0x0000021b5bb0e000, 0x0000021b5bb0f800,
0x0000021b5bb14000, 0x0000021b5bb14800, 0x0000021b5bb0f000, 0x0000021b5bb1b000,
0x0000021b5bb18800, 0x0000021b5bb1a800, 0x0000021b5bb15800, 0x0000021b5bb1c000,
0x0000021b5bb17000, 0x0000021b5bb16000, 0x0000021b5bb18000, 0x0000021b5bb19800,
0x0000021b5d457800, 0x0000021b5d458000, 0x0000021b5d459000, 0x0000021b5d459800,
0x0000021b5d455800, 0x0000021b5d45a800, 0x0000021b5d45b800, 0x0000021b5d45c000,
0x0000021b5d456800, 0x0000021b5d462000, 0x0000021b5d462800, 0x0000021b5d45e800,
0x0000021b5d45e000, 0x0000021b5d45d000, 0x0000021b5d461000, 0x0000021b5d463800,
0x0000021b5d460800, 0x0000021b5d464800, 0x0000021b5d45f800, 0x0000021b5bdba000,
0x0000021b5bdb6000, 0x0000021b5bdbb000, 0x0000021b5bdb9800, 0x0000021b5bdbb800,
0x0000021b5bdbc800, 0x0000021b5bdb7000, 0x0000021b5bdbd800, 0x0000021b5bdb7800,
0x0000021b5bdbe000, 0x0000021b5bdb8800, 0x0000021b5bdbf000, 0x0000021b5bdc4800,
0x0000021b5bdc0000, 0x0000021b5bdc1800, 0x0000021b5bdc4000, 0x0000021b5bdc2800,
0x0000021b5bdc3000, 0x0000021b5bdc0800, 0x0000021b5b88e800, 0x0000021b5b88d000,
0x0000021b5b88f800, 0x0000021b5b88d800, 0x0000021b5b889800, 0x0000021b5b88b800,
0x0000021b5b890000, 0x0000021b5b88a800, 0x0000021b5b892000, 0x0000021b5b891000,
0x0000021b5b88c000, 0x0000021b5b896000, 0x0000021b5b895000, 0x0000021b5b892800,
0x0000021b5b897800, 0x0000021b5b893800, 0x0000021b5b896800, 0x0000021b5b894000,
0x0000021b5b898800, 0x0000021b5d97d000, 0x0000021b5d982000, 0x0000021b5d97e000,
0x0000021b5d980800, 0x0000021b5d981000, 0x0000021b5d97c800, 0x0000021b5d983000,
0x0000021b5d983800, 0x0000021b5d984800, 0x0000021b5d97e800, 0x0000021b5d985800,
0x0000021b5d97f800, 0x0000021b5d986000, 0x0000021b5d989800, 0x0000021b5d987000,
0x0000021b5d987800, 0x0000021b5d988800, 0x0000021b5d98a000, 0x0000021b5d98b000,
0x0000021b5a876000, 0x0000021b5a871800, 0x0000021b5a874000, 0x0000021b5a873800,
0x0000021b5a872800, 0x0000021b5a876800, 0x0000021b5a871000, 0x0000021b5a877800,
0x0000021b5a878000, 0x0000021b5a879000, 0x0000021b5a87b800, 0x0000021b5a87c800,
0x0000021b5a87e800, 0x0000021b5a87a000, 0x0000021b5a87d000, 0x0000021b5a875000,
0x0000021b5a881000
}

Java Threads: ( => current thread )
  0x0000021b3b3a5000 JavaThread "Forwarding newSession on session null to remote" [_thread_blocked, id=50388, stack(0x000000bed8b00000,0x000000bed8c00000)]
  0x0000021b59e19800 JavaThread "Reference Handler" daemon [_thread_blocked, id=44880, stack(0x000000bed9200000,0x000000bed9300000)]
  0x0000021b59e1a000 JavaThread "Finalizer" daemon [_thread_blocked, id=50300, stack(0x000000bed9300000,0x000000bed9400000)]
  0x0000021b59e26800 JavaThread "Signal Dispatcher" daemon [_thread_blocked, id=45304, stack(0x000000bed9400000,0x000000bed9500000)]
  0x0000021b59e29800 JavaThread "Attach Listener" daemon [_thread_blocked, id=47036, stack(0x000000bed9500000,0x000000bed9600000)]
=>0x0000021b59e34000 JavaThread "C2 CompilerThread0" daemon [_thread_in_native, id=45996, stack(0x000000bed9600000,0x000000bed9700000)]
  0x0000021b59e36000 JavaThread "C1 CompilerThread0" daemon [_thread_blocked, id=56080, stack(0x000000bed9700000,0x000000bed9800000)]
  0x0000021b59e37000 JavaThread "Sweeper thread" daemon [_thread_blocked, id=26100, stack(0x000000bed9800000,0x000000bed9900000)]
  0x0000021b5a92c000 JavaThread "Service Thread" daemon [_thread_blocked, id=55636, stack(0x000000bed9900000,0x000000bed9a00000)]
  0x0000021b5a93b000 JavaThread "Common-Cleaner" daemon [_thread_blocked, id=55972, stack(0x000000bed9b00000,0x000000bed9c00000)]
  0x0000021b5b118800 JavaThread "ReaderThread" [_thread_in_native, id=33860, stack(0x000000bed9e00000,0x000000bed9f00000)]
  0x0000021b5c092000 JavaThread "ForkJoinPool.commonPool-worker-3" daemon [_thread_blocked, id=54460, stack(0x000000beda200000,0x000000beda300000)]
  0x0000021b5b6ae800 JavaThread "AsyncHttpClient-1-1" daemon [_thread_blocked, id=54912, stack(0x000000beda300000,0x000000beda400000)]
  0x0000021b5ba2d800 JavaThread "Exec Default Executor" daemon [_thread_in_native, id=51804, stack(0x000000beda400000,0x000000beda500000)]
  0x0000021b5c27d800 JavaThread "Driver Service Executor" daemon [_thread_blocked, id=51260, stack(0x000000beda500000,0x000000beda600000)]
  0x0000021b5c27f800 JavaThread "Driver Service Executor" daemon [_thread_blocked, id=52188, stack(0x000000beda600000,0x000000beda700000)]
  0x0000021b5c280800 JavaThread "UrlChecker-2" daemon [_thread_in_native, id=3352, stack(0x000000beda700000,0x000000beda800000)]
  0x0000021b5c255000 JavaThread "Exec Stream Pumper" daemon [_thread_in_native, id=45216, stack(0x000000beda900000,0x000000bedaa00000)]
  0x0000021b5c27e000 JavaThread "Exec Stream Pumper" daemon [_thread_in_native, id=3628, stack(0x000000bedaa00000,0x000000bedab00000)]
  0x0000021b5c2c8000 JavaThread "AsyncHttpClient-1-2" daemon [_thread_in_native, id=27700, stack(0x000000bedab00000,0x000000bedac00000)]
  0x0000021b5c2c4000 JavaThread "AsyncHttpClient-1-3" daemon [_thread_in_native, id=53240, stack(0x000000bedac00000,0x000000bedad00000)]
  0x0000021b5c2c9000 JavaThread "AsyncHttpClient-1-4" daemon [_thread_in_native, id=54088, stack(0x000000bedad00000,0x000000bedae00000)]
  0x0000021b5c2c9800 JavaThread "Exec Default Executor" daemon [_thread_in_native, id=47292, stack(0x000000bed9c00000,0x000000bed9d00000)]
  0x0000021b5c2ca800 JavaThread "Driver Service Executor" daemon [_thread_blocked, id=16868, stack(0x000000bedae00000,0x000000bedaf00000)]
  0x0000021b5c2c5000 JavaThread "Driver Service Executor" daemon [_thread_blocked, id=39948, stack(0x000000bedaf00000,0x000000bedb000000)]
  0x0000021b5c2c7800 JavaThread "Exec Stream Pumper" daemon [_thread_in_native, id=33428, stack(0x000000bedb000000,0x000000bedb100000)]
  0x0000021b5c2c5800 JavaThread "Exec Stream Pumper" daemon [_thread_in_native, id=52636, stack(0x000000bedb100000,0x000000bedb200000)]
  0x0000021b5ae4c800 JavaThread "AsyncHttpClient-1-5" daemon [_thread_in_native, id=52804, stack(0x000000bedb300000,0x000000bedb400000)]
  0x0000021b5ae4d800 JavaThread "AsyncHttpClient-1-6" daemon [_thread_in_native, id=41324, stack(0x000000bedb400000,0x000000bedb500000)]
  0x0000021b5ae4e000 JavaThread "AsyncHttpClient-1-7" daemon [_thread_in_native, id=7728, stack(0x000000bedb500000,0x000000bedb600000)]
  0x0000021b5ae48800 JavaThread "Exec Default Executor" daemon [_thread_in_native, id=6808, stack(0x000000bedb200000,0x000000bedb300000)]
  0x0000021b5ae4f000 JavaThread "Driver Service Executor" daemon [_thread_blocked, id=52624, stack(0x000000bedb600000,0x000000bedb700000)]
  0x0000021b5ae49000 JavaThread "Driver Service Executor" daemon [_thread_blocked, id=52508, stack(0x000000bedb700000,0x000000bedb800000)]
  0x0000021b5ae4f800 JavaThread "Exec Stream Pumper" daemon [_thread_in_native, id=6264, stack(0x000000bedb800000,0x000000bedb900000)]
  0x0000021b5ae4a000 JavaThread "Exec Stream Pumper" daemon [_thread_in_native, id=6248, stack(0x000000bedb900000,0x000000bedba00000)]
  0x0000021b5ae4b800 JavaThread "AsyncHttpClient-1-8" daemon [_thread_in_native, id=1504, stack(0x000000bedbb00000,0x000000bedbc00000)]
  0x0000021b5ae4b000 JavaThread "AsyncHttpClient-1-9" daemon [_thread_in_native, id=45760, stack(0x000000bedbc00000,0x000000bedbd00000)]
  0x0000021b5ae55800 JavaThread "AsyncHttpClient-1-10" daemon [_thread_in_native, id=43824, stack(0x000000bedbd00000,0x000000bedbe00000)]
  0x0000021b5ae50800 JavaThread "Exec Default Executor" daemon [_thread_in_native, id=42496, stack(0x000000bedba00000,0x000000bedbb00000)]
  0x0000021b5ae56000 JavaThread "Driver Service Executor" daemon [_thread_blocked, id=55784, stack(0x000000bedbe00000,0x000000bedbf00000)]
  0x0000021b5ae52000 JavaThread "Driver Service Executor" daemon [_thread_blocked, id=51224, stack(0x000000bedbf00000,0x000000bedc000000)]
  0x0000021b5ae57000 JavaThread "Exec Stream Pumper" daemon [_thread_in_native, id=55852, stack(0x000000bedc000000,0x000000bedc100000)]
  0x0000021b5ae54800 JavaThread "Exec Stream Pumper" daemon [_thread_in_native, id=42564, stack(0x000000bedc100000,0x000000bedc200000)]
  0x0000021b5ae53000 JavaThread "AsyncHttpClient-1-11" daemon [_thread_in_native, id=46876, stack(0x000000bedc300000,0x000000bedc400000)]
  0x0000021b5ae54000 JavaThread "AsyncHttpClient-1-12" daemon [_thread_in_native, id=48516, stack(0x000000bedc400000,0x000000bedc500000)]
  0x0000021b5c2c6800 JavaThread "AsyncHttpClient-1-13" daemon [_thread_in_native, id=44824, stack(0x000000bedc500000,0x000000bedc600000)]
  0x0000021b5ae51800 JavaThread "Exec Default Executor" daemon [_thread_in_native, id=38004, stack(0x000000bedc600000,0x000000bedc700000)]
  0x0000021b5ae3c000 JavaThread "Driver Service Executor" daemon [_thread_blocked, id=55436, stack(0x000000bedc700000,0x000000bedc800000)]
  0x0000021b5ae39000 JavaThread "Driver Service Executor" daemon [_thread_blocked, id=50100, stack(0x000000bedc800000,0x000000bedc900000)]
  0x0000021b5ae3d000 JavaThread "Exec Stream Pumper" daemon [_thread_in_native, id=55792, stack(0x000000bedc900000,0x000000bedca00000)]
  0x0000021b5ae3a800 JavaThread "Exec Stream Pumper" daemon [_thread_in_native, id=52204, stack(0x000000bedca00000,0x000000bedcb00000)]
  0x0000021b5ae3d800 JavaThread "AsyncHttpClient-1-14" daemon [_thread_in_native, id=41720, stack(0x000000bedcc00000,0x000000bedcd00000)]
  0x0000021b5ae38000 JavaThread "AsyncHttpClient-1-15" daemon [_thread_in_native, id=13356, stack(0x000000bedcd00000,0x000000bedce00000)]
  0x0000021b5ae3e800 JavaThread "AsyncHttpClient-1-16" daemon [_thread_in_native, id=45464, stack(0x000000bedce00000,0x000000bedcf00000)]
  0x0000021b5ae3f800 JavaThread "Exec Default Executor" daemon [_thread_in_native, id=43832, stack(0x000000bedcb00000,0x000000bedcc00000)]
  0x0000021b5ae3b000 JavaThread "Driver Service Executor" daemon [_thread_blocked, id=55536, stack(0x000000bedcf00000,0x000000bedd000000)]
  0x0000021b5ae39800 JavaThread "Driver Service Executor" daemon [_thread_blocked, id=29196, stack(0x000000bedd000000,0x000000bedd100000)]
  0x0000021b5ae45000 JavaThread "Exec Stream Pumper" daemon [_thread_in_native, id=48696, stack(0x000000bedd100000,0x000000bedd200000)]
  0x0000021b5ae41000 JavaThread "Exec Stream Pumper" daemon [_thread_in_native, id=53800, stack(0x000000bedd200000,0x000000bedd300000)]
  0x0000021b5ae44000 JavaThread "AsyncHttpClient-1-17" daemon [_thread_in_native, id=55572, stack(0x000000bedd400000,0x000000bedd500000)]
  0x0000021b5ae43800 JavaThread "Exec Default Executor" daemon [_thread_in_native, id=14932, stack(0x000000bed8900000,0x000000bed8a00000)]
  0x0000021b5ae42000 JavaThread "Driver Service Executor" daemon [_thread_blocked, id=32948, stack(0x000000bed8a00000,0x000000bed8b00000)]
  0x0000021b5ae40000 JavaThread "Driver Service Executor" daemon [_thread_blocked, id=51268, stack(0x000000bedd300000,0x000000bedd400000)]
  0x0000021b5ae46000 JavaThread "Exec Stream Pumper" daemon [_thread_in_native, id=20016, stack(0x000000bedd500000,0x000000bedd600000)]
  0x0000021b5ae46800 JavaThread "Exec Stream Pumper" daemon [_thread_in_native, id=38052, stack(0x000000bedd600000,0x000000bedd700000)]
  0x0000021b5ae42800 JavaThread "Exec Default Executor" daemon [_thread_in_native, id=42476, stack(0x000000bedd700000,0x000000bedd800000)]
  0x0000021b5d80a800 JavaThread "Driver Service Executor" daemon [_thread_blocked, id=48492, stack(0x000000bedd800000,0x000000bedd900000)]
  0x0000021b5d80f000 JavaThread "Driver Service Executor" daemon [_thread_blocked, id=31308, stack(0x000000bedd900000,0x000000bedda00000)]
  0x0000021b5d80c000 JavaThread "Exec Stream Pumper" daemon [_thread_in_native, id=26056, stack(0x000000bedda00000,0x000000beddb00000)]
  0x0000021b5d810000 JavaThread "Exec Stream Pumper" daemon [_thread_in_native, id=55348, stack(0x000000beddb00000,0x000000beddc00000)]
  0x0000021b5d80e800 JavaThread "Exec Default Executor" daemon [_thread_in_native, id=52956, stack(0x000000beddd00000,0x000000bedde00000)]
  0x0000021b5d80d800 JavaThread "Driver Service Executor" daemon [_thread_blocked, id=40004, stack(0x000000bedde00000,0x000000beddf00000)]
  0x0000021b5d811000 JavaThread "Driver Service Executor" daemon [_thread_blocked, id=53436, stack(0x000000beddf00000,0x000000bede000000)]
  0x0000021b5d80b000 JavaThread "Exec Stream Pumper" daemon [_thread_in_native, id=17084, stack(0x000000bede000000,0x000000bede100000)]
  0x0000021b5d812800 JavaThread "Exec Stream Pumper" daemon [_thread_in_native, id=49148, stack(0x000000bede100000,0x000000bede200000)]
  0x0000021b5d811800 JavaThread "Exec Default Executor" daemon [_thread_in_native, id=52152, stack(0x000000beddc00000,0x000000beddd00000)]
  0x0000021b5d80c800 JavaThread "Driver Service Executor" daemon [_thread_blocked, id=47708, stack(0x000000bede200000,0x000000bede300000)]
  0x0000021b5d816800 JavaThread "Driver Service Executor" daemon [_thread_blocked, id=33760, stack(0x000000bede300000,0x000000bede400000)]
  0x0000021b5d818000 JavaThread "Exec Stream Pumper" daemon [_thread_in_native, id=51872, stack(0x000000bede400000,0x000000bede500000)]
  0x0000021b5d817800 JavaThread "Exec Stream Pumper" daemon [_thread_in_native, id=37696, stack(0x000000bede500000,0x000000bede600000)]
  0x0000021b5d815800 JavaThread "Exec Default Executor" daemon [_thread_in_native, id=46264, stack(0x000000bede600000,0x000000bede700000)]
  0x0000021b5d814000 JavaThread "Driver Service Executor" daemon [_thread_blocked, id=50696, stack(0x000000bede700000,0x000000bede800000)]
  0x0000021b5d819000 JavaThread "Driver Service Executor" daemon [_thread_blocked, id=50772, stack(0x000000bede800000,0x000000bede900000)]
  0x0000021b5d813800 JavaThread "Exec Stream Pumper" daemon [_thread_in_native, id=53008, stack(0x000000bede900000,0x000000bedea00000)]
  0x0000021b5d815000 JavaThread "Exec Stream Pumper" daemon [_thread_in_native, id=55716, stack(0x000000bedea00000,0x000000bedeb00000)]
  0x0000021b5bb11800 JavaThread "Exec Default Executor" daemon [_thread_in_native, id=51296, stack(0x000000bedeb00000,0x000000bedec00000)]
  0x0000021b5bb10800 JavaThread "Driver Service Executor" daemon [_thread_blocked, id=55740, stack(0x000000bedec00000,0x000000beded00000)]
  0x0000021b5bb13000 JavaThread "Driver Service Executor" daemon [_thread_blocked, id=1680, stack(0x000000beded00000,0x000000bedee00000)]
  0x0000021b5bb12000 JavaThread "Exec Stream Pumper" daemon [_thread_in_native, id=45896, stack(0x000000bedee00000,0x000000bedef00000)]
  0x0000021b5bb0d800 JavaThread "Exec Stream Pumper" daemon [_thread_in_native, id=55560, stack(0x000000bedef00000,0x000000bedf000000)]
  0x0000021b5bb0e000 JavaThread "Exec Default Executor" daemon [_thread_in_native, id=52104, stack(0x000000bedf000000,0x000000bedf100000)]
  0x0000021b5bb0f800 JavaThread "Driver Service Executor" daemon [_thread_blocked, id=55752, stack(0x000000bedf100000,0x000000bedf200000)]
  0x0000021b5bb14000 JavaThread "Driver Service Executor" daemon [_thread_blocked, id=5224, stack(0x000000bedf200000,0x000000bedf300000)]
  0x0000021b5bb14800 JavaThread "Exec Stream Pumper" daemon [_thread_in_native, id=54780, stack(0x000000bedf300000,0x000000bedf400000)]
  0x0000021b5bb0f000 JavaThread "Exec Stream Pumper" daemon [_thread_in_native, id=41716, stack(0x000000bedf400000,0x000000bedf500000)]
  0x0000021b5bb1b000 JavaThread "Exec Default Executor" daemon [_thread_in_native, id=55588, stack(0x000000bed8800000,0x000000bed8900000)]
  0x0000021b5bb18800 JavaThread "Driver Service Executor" daemon [_thread_blocked, id=36572, stack(0x000000bedc200000,0x000000bedc300000)]
  0x0000021b5bb1a800 JavaThread "Driver Service Executor" daemon [_thread_blocked, id=41956, stack(0x000000bedf500000,0x000000bedf600000)]
  0x0000021b5bb15800 JavaThread "Exec Stream Pumper" daemon [_thread_in_native, id=45396, stack(0x000000bedf700000,0x000000bedf800000)]
  0x0000021b5bb1c000 JavaThread "Exec Stream Pumper" daemon [_thread_in_native, id=19756, stack(0x000000bedf800000,0x000000bedf900000)]
  0x0000021b5bb17000 JavaThread "Exec Default Executor" daemon [_thread_in_native, id=53024, stack(0x000000bedf900000,0x000000bedfa00000)]
  0x0000021b5bb16000 JavaThread "Driver Service Executor" daemon [_thread_blocked, id=54268, stack(0x000000bedfa00000,0x000000bedfb00000)]
  0x0000021b5bb18000 JavaThread "Driver Service Executor" daemon [_thread_blocked, id=44524, stack(0x000000bedfb00000,0x000000bedfc00000)]
  0x0000021b5bb19800 JavaThread "Exec Stream Pumper" daemon [_thread_in_native, id=53812, stack(0x000000bedfc00000,0x000000bedfd00000)]
  0x0000021b5d457800 JavaThread "Exec Stream Pumper" daemon [_thread_in_native, id=53176, stack(0x000000bedfd00000,0x000000bedfe00000)]
  0x0000021b5d458000 JavaThread "Exec Default Executor" daemon [_thread_in_native, id=52968, stack(0x000000bedfe00000,0x000000bedff00000)]
  0x0000021b5d459000 JavaThread "Driver Service Executor" daemon [_thread_blocked, id=37736, stack(0x000000bee0000000,0x000000bee0100000)]
  0x0000021b5d459800 JavaThread "Driver Service Executor" daemon [_thread_blocked, id=51684, stack(0x000000bee0100000,0x000000bee0200000)]
  0x0000021b5d455800 JavaThread "Exec Stream Pumper" daemon [_thread_in_native, id=52392, stack(0x000000bee0200000,0x000000bee0300000)]
  0x0000021b5d45a800 JavaThread "Exec Stream Pumper" daemon [_thread_in_native, id=52524, stack(0x000000bee0300000,0x000000bee0400000)]
  0x0000021b5d45b800 JavaThread "Exec Default Executor" daemon [_thread_in_native, id=45480, stack(0x000000bee0400000,0x000000bee0500000)]
  0x0000021b5d45c000 JavaThread "Driver Service Executor" daemon [_thread_blocked, id=29256, stack(0x000000bee0500000,0x000000bee0600000)]
  0x0000021b5d456800 JavaThread "Driver Service Executor" daemon [_thread_blocked, id=52036, stack(0x000000bee0600000,0x000000bee0700000)]
  0x0000021b5d462000 JavaThread "Exec Stream Pumper" daemon [_thread_in_native, id=54344, stack(0x000000bee0700000,0x000000bee0800000)]
  0x0000021b5d462800 JavaThread "Exec Stream Pumper" daemon [_thread_in_native, id=5832, stack(0x000000bee0800000,0x000000bee0900000)]
  0x0000021b5d45e800 JavaThread "Exec Default Executor" daemon [_thread_in_native, id=48504, stack(0x000000bee0900000,0x000000bee0a00000)]
  0x0000021b5d45e000 JavaThread "Driver Service Executor" daemon [_thread_blocked, id=10152, stack(0x000000bee0a00000,0x000000bee0b00000)]
  0x0000021b5d45d000 JavaThread "Driver Service Executor" daemon [_thread_blocked, id=11144, stack(0x000000bee0b00000,0x000000bee0c00000)]
  0x0000021b5d461000 JavaThread "Exec Stream Pumper" daemon [_thread_in_native, id=37316, stack(0x000000bee0c00000,0x000000bee0d00000)]
  0x0000021b5d463800 JavaThread "Exec Stream Pumper" daemon [_thread_in_native, id=54648, stack(0x000000bee0d00000,0x000000bee0e00000)]
  0x0000021b5d460800 JavaThread "Exec Default Executor" daemon [_thread_in_native, id=27944, stack(0x000000bee0e00000,0x000000bee0f00000)]
  0x0000021b5d464800 JavaThread "Driver Service Executor" daemon [_thread_blocked, id=56132, stack(0x000000bee1000000,0x000000bee1100000)]
  0x0000021b5d45f800 JavaThread "Driver Service Executor" daemon [_thread_blocked, id=42880, stack(0x000000bee1100000,0x000000bee1200000)]
  0x0000021b5bdba000 JavaThread "Exec Stream Pumper" daemon [_thread_in_native, id=52784, stack(0x000000bee1200000,0x000000bee1300000)]
  0x0000021b5bdb6000 JavaThread "Exec Stream Pumper" daemon [_thread_in_native, id=56268, stack(0x000000bee1300000,0x000000bee1400000)]
  0x0000021b5bdbb000 JavaThread "Exec Default Executor" daemon [_thread_in_native, id=54772, stack(0x000000bee1400000,0x000000bee1500000)]
  0x0000021b5bdb9800 JavaThread "Driver Service Executor" daemon [_thread_blocked, id=51428, stack(0x000000bee1500000,0x000000bee1600000)]
  0x0000021b5bdbb800 JavaThread "Driver Service Executor" daemon [_thread_blocked, id=53720, stack(0x000000bee1600000,0x000000bee1700000)]
  0x0000021b5bdbc800 JavaThread "Exec Stream Pumper" daemon [_thread_in_native, id=52056, stack(0x000000bee1700000,0x000000bee1800000)]
  0x0000021b5bdb7000 JavaThread "Exec Stream Pumper" daemon [_thread_in_native, id=22112, stack(0x000000bee1800000,0x000000bee1900000)]
  0x0000021b5bdbd800 JavaThread "Exec Default Executor" daemon [_thread_in_native, id=8616, stack(0x000000bee1900000,0x000000bee1a00000)]
  0x0000021b5bdb7800 JavaThread "Driver Service Executor" daemon [_thread_blocked, id=45884, stack(0x000000bee1a00000,0x000000bee1b00000)]
  0x0000021b5bdbe000 JavaThread "Driver Service Executor" daemon [_thread_blocked, id=56316, stack(0x000000bee1b00000,0x000000bee1c00000)]
  0x0000021b5bdb8800 JavaThread "Exec Stream Pumper" daemon [_thread_in_native, id=51732, stack(0x000000bee1c00000,0x000000bee1d00000)]
  0x0000021b5bdbf000 JavaThread "Exec Stream Pumper" daemon [_thread_in_native, id=27468, stack(0x000000bee1d00000,0x000000bee1e00000)]
  0x0000021b5bdc4800 JavaThread "Exec Default Executor" daemon [_thread_in_native, id=55012, stack(0x000000bee1e00000,0x000000bee1f00000)]
  0x0000021b5bdc0000 JavaThread "Driver Service Executor" daemon [_thread_blocked, id=53288, stack(0x000000bee1f00000,0x000000bee2000000)]
  0x0000021b5bdc1800 JavaThread "Driver Service Executor" daemon [_thread_blocked, id=47612, stack(0x000000bee2000000,0x000000bee2100000)]
  0x0000021b5bdc4000 JavaThread "Exec Stream Pumper" daemon [_thread_in_native, id=55548, stack(0x000000bee2100000,0x000000bee2200000)]
  0x0000021b5bdc2800 JavaThread "Exec Stream Pumper" daemon [_thread_in_native, id=53912, stack(0x000000bee2200000,0x000000bee2300000)]
  0x0000021b5bdc3000 JavaThread "Exec Default Executor" daemon [_thread_in_native, id=25076, stack(0x000000bee2300000,0x000000bee2400000)]
  0x0000021b5bdc0800 JavaThread "Driver Service Executor" daemon [_thread_blocked, id=38552, stack(0x000000bee2400000,0x000000bee2500000)]
  0x0000021b5b88e800 JavaThread "Driver Service Executor" daemon [_thread_blocked, id=51740, stack(0x000000bee2500000,0x000000bee2600000)]
  0x0000021b5b88d000 JavaThread "Exec Stream Pumper" daemon [_thread_in_native, id=47372, stack(0x000000bee2600000,0x000000bee2700000)]
  0x0000021b5b88f800 JavaThread "Exec Stream Pumper" daemon [_thread_in_native, id=50280, stack(0x000000bee2700000,0x000000bee2800000)]
  0x0000021b5b88d800 JavaThread "Exec Default Executor" daemon [_thread_in_native, id=53568, stack(0x000000bee2800000,0x000000bee2900000)]
  0x0000021b5b889800 JavaThread "Driver Service Executor" daemon [_thread_blocked, id=37220, stack(0x000000bee2900000,0x000000bee2a00000)]
  0x0000021b5b88b800 JavaThread "Driver Service Executor" daemon [_thread_blocked, id=54124, stack(0x000000bee2a00000,0x000000bee2b00000)]
  0x0000021b5b890000 JavaThread "Exec Stream Pumper" daemon [_thread_in_native, id=37084, stack(0x000000bee2b00000,0x000000bee2c00000)]
  0x0000021b5b88a800 JavaThread "Exec Stream Pumper" daemon [_thread_in_native, id=6968, stack(0x000000bee2c00000,0x000000bee2d00000)]
  0x0000021b5b892000 JavaThread "Exec Default Executor" daemon [_thread_in_native, id=53048, stack(0x000000bee2d00000,0x000000bee2e00000)]
  0x0000021b5b891000 JavaThread "Driver Service Executor" daemon [_thread_blocked, id=55864, stack(0x000000bee2e00000,0x000000bee2f00000)]
  0x0000021b5b88c000 JavaThread "Driver Service Executor" daemon [_thread_blocked, id=55064, stack(0x000000bee2f00000,0x000000bee3000000)]
  0x0000021b5b896000 JavaThread "Exec Stream Pumper" daemon [_thread_in_native, id=55988, stack(0x000000bee3000000,0x000000bee3100000)]
  0x0000021b5b895000 JavaThread "Exec Stream Pumper" daemon [_thread_in_native, id=52872, stack(0x000000bee3100000,0x000000bee3200000)]
  0x0000021b5b892800 JavaThread "Exec Default Executor" daemon [_thread_in_native, id=50136, stack(0x000000bee3300000,0x000000bee3400000)]
  0x0000021b5b897800 JavaThread "Driver Service Executor" daemon [_thread_blocked, id=53320, stack(0x000000bee3400000,0x000000bee3500000)]
  0x0000021b5b893800 JavaThread "Driver Service Executor" daemon [_thread_blocked, id=32120, stack(0x000000bee3500000,0x000000bee3600000)]
  0x0000021b5b896800 JavaThread "Exec Stream Pumper" daemon [_thread_in_native, id=43220, stack(0x000000bee3600000,0x000000bee3700000)]
  0x0000021b5b894000 JavaThread "Exec Stream Pumper" daemon [_thread_in_native, id=56292, stack(0x000000bee3700000,0x000000bee3800000)]
  0x0000021b5b898800 JavaThread "Exec Default Executor" daemon [_thread_in_native, id=10324, stack(0x000000bee3200000,0x000000bee3300000)]
  0x0000021b5d97d000 JavaThread "Driver Service Executor" daemon [_thread_blocked, id=53368, stack(0x000000bee3800000,0x000000bee3900000)]
  0x0000021b5d982000 JavaThread "Driver Service Executor" daemon [_thread_blocked, id=26332, stack(0x000000bee3900000,0x000000bee3a00000)]
  0x0000021b5d97e000 JavaThread "Exec Stream Pumper" daemon [_thread_in_native, id=54708, stack(0x000000bee3a00000,0x000000bee3b00000)]
  0x0000021b5d980800 JavaThread "Exec Stream Pumper" daemon [_thread_in_native, id=53000, stack(0x000000bee3b00000,0x000000bee3c00000)]
  0x0000021b5d981000 JavaThread "Exec Default Executor" daemon [_thread_in_native, id=56312, stack(0x000000bee3c00000,0x000000bee3d00000)]
  0x0000021b5d97c800 JavaThread "Driver Service Executor" daemon [_thread_blocked, id=45472, stack(0x000000bee3d00000,0x000000bee3e00000)]
  0x0000021b5d983000 JavaThread "Driver Service Executor" daemon [_thread_blocked, id=53696, stack(0x000000bee3e00000,0x000000bee3f00000)]
  0x0000021b5d983800 JavaThread "Exec Stream Pumper" daemon [_thread_in_native, id=45148, stack(0x000000bee3f00000,0x000000bee4000000)]
  0x0000021b5d984800 JavaThread "Exec Stream Pumper" daemon [_thread_in_native, id=50436, stack(0x000000bee4000000,0x000000bee4100000)]
  0x0000021b5d97e800 JavaThread "Exec Default Executor" daemon [_thread_in_native, id=54856, stack(0x000000bee4100000,0x000000bee4200000)]
  0x0000021b5d985800 JavaThread "Driver Service Executor" daemon [_thread_blocked, id=45844, stack(0x000000bee4200000,0x000000bee4300000)]
  0x0000021b5d97f800 JavaThread "Driver Service Executor" daemon [_thread_blocked, id=55320, stack(0x000000bee4300000,0x000000bee4400000)]
  0x0000021b5d986000 JavaThread "Exec Stream Pumper" daemon [_thread_in_native, id=7960, stack(0x000000bee4400000,0x000000bee4500000)]
  0x0000021b5d989800 JavaThread "Exec Stream Pumper" daemon [_thread_in_native, id=53844, stack(0x000000bee4500000,0x000000bee4600000)]
  0x0000021b5d987000 JavaThread "Exec Default Executor" daemon [_thread_in_native, id=34304, stack(0x000000bee4600000,0x000000bee4700000)]
  0x0000021b5d987800 JavaThread "Driver Service Executor" daemon [_thread_blocked, id=55156, stack(0x000000bee4700000,0x000000bee4800000)]
  0x0000021b5d988800 JavaThread "Driver Service Executor" daemon [_thread_blocked, id=55472, stack(0x000000bee4800000,0x000000bee4900000)]
  0x0000021b5d98a000 JavaThread "Exec Stream Pumper" daemon [_thread_in_native, id=54368, stack(0x000000bee4900000,0x000000bee4a00000)]
  0x0000021b5d98b000 JavaThread "Exec Stream Pumper" daemon [_thread_in_native, id=55948, stack(0x000000bee4a00000,0x000000bee4b00000)]
  0x0000021b5a876000 JavaThread "Exec Default Executor" daemon [_thread_in_native, id=47912, stack(0x000000bee4b00000,0x000000bee4c00000)]
  0x0000021b5a871800 JavaThread "Driver Service Executor" daemon [_thread_blocked, id=17916, stack(0x000000bee4c00000,0x000000bee4d00000)]
  0x0000021b5a874000 JavaThread "Driver Service Executor" daemon [_thread_blocked, id=31912, stack(0x000000bee4d00000,0x000000bee4e00000)]
  0x0000021b5a873800 JavaThread "Exec Stream Pumper" daemon [_thread_in_native, id=28848, stack(0x000000bee4e00000,0x000000bee4f00000)]
  0x0000021b5a872800 JavaThread "Exec Stream Pumper" daemon [_thread_in_native, id=46632, stack(0x000000bee4f00000,0x000000bee5000000)]
  0x0000021b5a876800 JavaThread "Exec Default Executor" daemon [_thread_in_native, id=47732, stack(0x000000bee5000000,0x000000bee5100000)]
  0x0000021b5a871000 JavaThread "Driver Service Executor" daemon [_thread_blocked, id=53420, stack(0x000000bee5100000,0x000000bee5200000)]
  0x0000021b5a877800 JavaThread "Driver Service Executor" daemon [_thread_blocked, id=52540, stack(0x000000bee5200000,0x000000bee5300000)]
  0x0000021b5a878000 JavaThread "Exec Stream Pumper" daemon [_thread_in_native, id=49392, stack(0x000000bee5300000,0x000000bee5400000)]
  0x0000021b5a879000 JavaThread "Exec Stream Pumper" daemon [_thread_in_native, id=46804, stack(0x000000bee5400000,0x000000bee5500000)]
  0x0000021b5a87b800 JavaThread "Exec Default Executor" daemon [_thread_in_native, id=44948, stack(0x000000bee5600000,0x000000bee5700000)]
  0x0000021b5a87c800 JavaThread "Driver Service Executor" daemon [_thread_blocked, id=55396, stack(0x000000bee5700000,0x000000bee5800000)]
  0x0000021b5a87e800 JavaThread "Driver Service Executor" daemon [_thread_blocked, id=48808, stack(0x000000bee5800000,0x000000bee5900000)]
  0x0000021b5a87a000 JavaThread "Exec Stream Pumper" daemon [_thread_in_native, id=55624, stack(0x000000bee5900000,0x000000bee5a00000)]
  0x0000021b5a87d000 JavaThread "Exec Stream Pumper" daemon [_thread_in_native, id=56140, stack(0x000000bee5a00000,0x000000bee5b00000)]
  0x0000021b5a875000 JavaThread "Driver Service Executor" daemon [_thread_blocked, id=49212, stack(0x000000bee5b00000,0x000000bee5c00000)]
  0x0000021b5a881000 JavaThread "Driver Service Executor" daemon [_thread_blocked, id=9784, stack(0x000000bee5c00000,0x000000bee5d00000)]

Other Threads:
  0x0000021b59de6000 VMThread "VM Thread" [stack: 0x000000bed9100000,0x000000bed9200000] [id=55576]
  0x0000021b5a936800 WatcherThread [stack: 0x000000bed9a00000,0x000000bed9b00000] [id=45336]
  0x0000021b3b3ba000 GCTaskThread "GC Thread#0" [stack: 0x000000bed8c00000,0x000000bed8d00000] [id=54528]
  0x0000021b5bc53800 GCTaskThread "GC Thread#1" [stack: 0x000000bed9f00000,0x000000beda000000] [id=54872]
  0x0000021b5baf8800 GCTaskThread "GC Thread#2" [stack: 0x000000beda000000,0x000000beda100000] [id=53124]
  0x0000021b5b8e8800 GCTaskThread "GC Thread#3" [stack: 0x000000beda100000,0x000000beda200000] [id=44452]
  0x0000021b5ae6e800 GCTaskThread "GC Thread#4" [stack: 0x000000bedf600000,0x000000bedf700000] [id=51104]
  0x0000021b5b010800 GCTaskThread "GC Thread#5" [stack: 0x000000bedff00000,0x000000bee0000000] [id=42968]
  0x0000021b5ab36800 GCTaskThread "GC Thread#6" [stack: 0x000000bee0f00000,0x000000bee1000000] [id=55724]
  0x0000021b3b3ed000 ConcurrentGCThread "G1 Main Marker" [stack: 0x000000bed8d00000,0x000000bed8e00000] [id=50056]
  0x0000021b3b3ef000 ConcurrentGCThread "G1 Conc#0" [stack: 0x000000bed8e00000,0x000000bed8f00000] [id=55684]
  0x0000021b5ba48800 ConcurrentGCThread "G1 Conc#1" [stack: 0x000000bed9d00000,0x000000bed9e00000] [id=51976]
  0x0000021b59c52800 ConcurrentGCThread "G1 Refine#0" [stack: 0x000000bed8f00000,0x000000bed9000000] [id=5256]
  0x0000021b59c53000 ConcurrentGCThread "G1 Young RemSet Sampling" [stack: 0x000000bed9000000,0x000000bed9100000] [id=47096]

Threads with active compile tasks:
C2 CompilerThread0 277477 4887       4       sun.net.www.ParseUtil::encodePath (41 bytes)

VM state:not at safepoint (normal execution)

VM Mutex/Monitor currently owned by a thread: None

Heap address: 0x0000000086600000, size: 1946 MB, Compressed Oops mode: 32-bit
Narrow klass base: 0x0000000000000000, Narrow klass shift: 3
Compressed class space size: 1073741824 Address: 0x0000000100000000

Heap:
 garbage-first heap   total 309248K, used 298300K [0x0000000086600000, 0x0000000100000000)
  region size 1024K, 7 young (7168K), 2 survivors (2048K)
 Metaspace       used 30983K, capacity 32049K, committed 32128K, reserved 1077248K
  class space    used 3461K, capacity 3891K, committed 3968K, reserved 1048576K
Heap Regions: E=young(eden), S=young(survivor), O=old, HS=humongous(starts), HC=humongous(continues), CS=collection set, F=free, A=archive, TAMS=top-at-mark-start (previous, next)
|   0|0x0000000086600000, 0x0000000086700000, 0x0000000086700000|100%| O|  |TAMS 0x0000000086700000, 0x0000000086600000| Untracked 
|   1|0x0000000086700000, 0x0000000086800000, 0x0000000086800000|100%| O|  |TAMS 0x0000000086800000, 0x0000000086700000| Untracked 
|   2|0x0000000086800000, 0x0000000086900000, 0x0000000086900000|100%| O|  |TAMS 0x0000000086900000, 0x0000000086800000| Untracked 
|   3|0x0000000086900000, 0x0000000086a00000, 0x0000000086a00000|100%| O|  |TAMS 0x0000000086a00000, 0x0000000086900000| Untracked 
|   4|0x0000000086a00000, 0x0000000086b00000, 0x0000000086b00000|100%| O|  |TAMS 0x0000000086b00000, 0x0000000086a00000| Untracked 
|   5|0x0000000086b00000, 0x0000000086c00000, 0x0000000086c00000|100%| O|  |TAMS 0x0000000086c00000, 0x0000000086b00000| Untracked 
|   6|0x0000000086c00000, 0x0000000086d00000, 0x0000000086d00000|100%|HS|  |TAMS 0x0000000086d00000, 0x0000000086c00000| Complete 
|   7|0x0000000086d00000, 0x0000000086e00000, 0x0000000086e00000|100%|HC|  |TAMS 0x0000000086e00000, 0x0000000086d00000| Complete 
|   8|0x0000000086e00000, 0x0000000086f00000, 0x0000000086f00000|100%|HC|  |TAMS 0x0000000086f00000, 0x0000000086e00000| Complete 
|   9|0x0000000086f00000, 0x0000000087000000, 0x0000000087000000|100%|HC|  |TAMS 0x0000000087000000, 0x0000000086f00000| Complete 
|  10|0x0000000087000000, 0x0000000087100000, 0x0000000087100000|100%|HC|  |TAMS 0x0000000087100000, 0x0000000087000000| Complete 
|  11|0x0000000087100000, 0x0000000087200000, 0x0000000087200000|100%|HC|  |TAMS 0x0000000087200000, 0x0000000087100000| Complete 
|  12|0x0000000087200000, 0x0000000087300000, 0x0000000087300000|100%|HC|  |TAMS 0x0000000087300000, 0x0000000087200000| Complete 
|  13|0x0000000087300000, 0x0000000087400000, 0x0000000087400000|100%|HC|  |TAMS 0x0000000087400000, 0x0000000087300000| Complete 
|  14|0x0000000087400000, 0x0000000087500000, 0x0000000087500000|100%|HC|  |TAMS 0x0000000087500000, 0x0000000087400000| Complete 
|  15|0x0000000087500000, 0x0000000087600000, 0x0000000087600000|100%|HC|  |TAMS 0x0000000087600000, 0x0000000087500000| Complete 
|  16|0x0000000087600000, 0x0000000087700000, 0x0000000087700000|100%|HC|  |TAMS 0x0000000087700000, 0x0000000087600000| Complete 
|  17|0x0000000087700000, 0x0000000087800000, 0x0000000087800000|100%|HC|  |TAMS 0x0000000087800000, 0x0000000087700000| Complete 
|  18|0x0000000087800000, 0x0000000087900000, 0x0000000087900000|100%|HC|  |TAMS 0x0000000087900000, 0x0000000087800000| Complete 
|  19|0x0000000087900000, 0x0000000087a00000, 0x0000000087a00000|100%|HC|  |TAMS 0x0000000087a00000, 0x0000000087900000| Complete 
|  20|0x0000000087a00000, 0x0000000087b00000, 0x0000000087b00000|100%|HC|  |TAMS 0x0000000087b00000, 0x0000000087a00000| Complete 
|  21|0x0000000087b00000, 0x0000000087c00000, 0x0000000087c00000|100%|HC|  |TAMS 0x0000000087c00000, 0x0000000087b00000| Complete 
|  22|0x0000000087c00000, 0x0000000087d00000, 0x0000000087d00000|100%|HC|  |TAMS 0x0000000087d00000, 0x0000000087c00000| Complete 
|  23|0x0000000087d00000, 0x0000000087e00000, 0x0000000087e00000|100%|HS|  |TAMS 0x0000000087e00000, 0x0000000087d00000| Complete 
|  24|0x0000000087e00000, 0x0000000087f00000, 0x0000000087f00000|100%|HC|  |TAMS 0x0000000087f00000, 0x0000000087e00000| Complete 
|  25|0x0000000087f00000, 0x0000000088000000, 0x0000000088000000|100%|HC|  |TAMS 0x0000000088000000, 0x0000000087f00000| Complete 
|  26|0x0000000088000000, 0x0000000088100000, 0x0000000088100000|100%|HC|  |TAMS 0x0000000088100000, 0x0000000088000000| Complete 
|  27|0x0000000088100000, 0x0000000088200000, 0x0000000088200000|100%|HC|  |TAMS 0x0000000088200000, 0x0000000088100000| Complete 
|  28|0x0000000088200000, 0x0000000088300000, 0x0000000088300000|100%|HC|  |TAMS 0x0000000088300000, 0x0000000088200000| Complete 
|  29|0x0000000088300000, 0x0000000088400000, 0x0000000088400000|100%|HC|  |TAMS 0x0000000088400000, 0x0000000088300000| Complete 
|  30|0x0000000088400000, 0x0000000088500000, 0x0000000088500000|100%|HC|  |TAMS 0x0000000088500000, 0x0000000088400000| Complete 
|  31|0x0000000088500000, 0x0000000088600000, 0x0000000088600000|100%|HC|  |TAMS 0x0000000088600000, 0x0000000088500000| Complete 
|  32|0x0000000088600000, 0x0000000088700000, 0x0000000088700000|100%|HC|  |TAMS 0x0000000088700000, 0x0000000088600000| Complete 
|  33|0x0000000088700000, 0x0000000088800000, 0x0000000088800000|100%|HC|  |TAMS 0x0000000088800000, 0x0000000088700000| Complete 
|  34|0x0000000088800000, 0x0000000088900000, 0x0000000088900000|100%|HC|  |TAMS 0x0000000088900000, 0x0000000088800000| Complete 
|  35|0x0000000088900000, 0x0000000088a00000, 0x0000000088a00000|100%|HC|  |TAMS 0x0000000088a00000, 0x0000000088900000| Complete 
|  36|0x0000000088a00000, 0x0000000088b00000, 0x0000000088b00000|100%|HC|  |TAMS 0x0000000088b00000, 0x0000000088a00000| Complete 
|  37|0x0000000088b00000, 0x0000000088c00000, 0x0000000088c00000|100%|HC|  |TAMS 0x0000000088c00000, 0x0000000088b00000| Complete 
|  38|0x0000000088c00000, 0x0000000088d00000, 0x0000000088d00000|100%|HC|  |TAMS 0x0000000088d00000, 0x0000000088c00000| Complete 
|  39|0x0000000088d00000, 0x0000000088e00000, 0x0000000088e00000|100%|HC|  |TAMS 0x0000000088e00000, 0x0000000088d00000| Complete 
|  40|0x0000000088e00000, 0x0000000088f00000, 0x0000000088f00000|100%| O|  |TAMS 0x0000000088f00000, 0x0000000088e00000| Untracked 
|  41|0x0000000088f00000, 0x0000000089000000, 0x0000000089000000|100%| O|  |TAMS 0x0000000089000000, 0x0000000088f00000| Untracked 
|  42|0x0000000089000000, 0x0000000089100000, 0x0000000089100000|100%|HS|  |TAMS 0x0000000089100000, 0x0000000089000000| Complete 
|  43|0x0000000089100000, 0x0000000089200000, 0x0000000089200000|100%|HC|  |TAMS 0x0000000089200000, 0x0000000089100000| Complete 
|  44|0x0000000089200000, 0x0000000089300000, 0x0000000089300000|100%|HC|  |TAMS 0x0000000089300000, 0x0000000089200000| Complete 
|  45|0x0000000089300000, 0x0000000089400000, 0x0000000089400000|100%|HC|  |TAMS 0x0000000089400000, 0x0000000089300000| Complete 
|  46|0x0000000089400000, 0x0000000089500000, 0x0000000089500000|100%|HC|  |TAMS 0x0000000089500000, 0x0000000089400000| Complete 
|  47|0x0000000089500000, 0x0000000089600000, 0x0000000089600000|100%|HC|  |TAMS 0x0000000089600000, 0x0000000089500000| Complete 
|  48|0x0000000089600000, 0x0000000089700000, 0x0000000089700000|100%|HC|  |TAMS 0x0000000089700000, 0x0000000089600000| Complete 
|  49|0x0000000089700000, 0x0000000089800000, 0x0000000089800000|100%|HC|  |TAMS 0x0000000089800000, 0x0000000089700000| Complete 
|  50|0x0000000089800000, 0x0000000089900000, 0x0000000089900000|100%|HC|  |TAMS 0x0000000089900000, 0x0000000089800000| Complete 
|  51|0x0000000089900000, 0x0000000089a00000, 0x0000000089a00000|100%|HC|  |TAMS 0x0000000089a00000, 0x0000000089900000| Complete 
|  52|0x0000000089a00000, 0x0000000089b00000, 0x0000000089b00000|100%|HC|  |TAMS 0x0000000089b00000, 0x0000000089a00000| Complete 
|  53|0x0000000089b00000, 0x0000000089c00000, 0x0000000089c00000|100%|HC|  |TAMS 0x0000000089c00000, 0x0000000089b00000| Complete 
|  54|0x0000000089c00000, 0x0000000089d00000, 0x0000000089d00000|100%|HC|  |TAMS 0x0000000089d00000, 0x0000000089c00000| Complete 
|  55|0x0000000089d00000, 0x0000000089e00000, 0x0000000089e00000|100%|HC|  |TAMS 0x0000000089e00000, 0x0000000089d00000| Complete 
|  56|0x0000000089e00000, 0x0000000089f00000, 0x0000000089f00000|100%|HC|  |TAMS 0x0000000089f00000, 0x0000000089e00000| Complete 
|  57|0x0000000089f00000, 0x000000008a000000, 0x000000008a000000|100%|HC|  |TAMS 0x000000008a000000, 0x0000000089f00000| Complete 
|  58|0x000000008a000000, 0x000000008a100000, 0x000000008a100000|100%|HC|  |TAMS 0x000000008a100000, 0x000000008a000000| Complete 
|  59|0x000000008a100000, 0x000000008a200000, 0x000000008a200000|100%| O|  |TAMS 0x000000008a200000, 0x000000008a100000| Untracked 
|  60|0x000000008a200000, 0x000000008a300000, 0x000000008a300000|100%| O|  |TAMS 0x000000008a300000, 0x000000008a200000| Untracked 
|  61|0x000000008a300000, 0x000000008a400000, 0x000000008a400000|100%| O|  |TAMS 0x000000008a400000, 0x000000008a300000| Untracked 
|  62|0x000000008a400000, 0x000000008a500000, 0x000000008a500000|100%|HS|  |TAMS 0x000000008a500000, 0x000000008a400000| Complete 
|  63|0x000000008a500000, 0x000000008a600000, 0x000000008a600000|100%|HC|  |TAMS 0x000000008a600000, 0x000000008a500000| Complete 
|  64|0x000000008a600000, 0x000000008a700000, 0x000000008a700000|100%|HC|  |TAMS 0x000000008a700000, 0x000000008a600000| Complete 
|  65|0x000000008a700000, 0x000000008a800000, 0x000000008a800000|100%|HC|  |TAMS 0x000000008a800000, 0x000000008a700000| Complete 
|  66|0x000000008a800000, 0x000000008a900000, 0x000000008a900000|100%|HC|  |TAMS 0x000000008a900000, 0x000000008a800000| Complete 
|  67|0x000000008a900000, 0x000000008aa00000, 0x000000008aa00000|100%|HC|  |TAMS 0x000000008aa00000, 0x000000008a900000| Complete 
|  68|0x000000008aa00000, 0x000000008ab00000, 0x000000008ab00000|100%|HC|  |TAMS 0x000000008ab00000, 0x000000008aa00000| Complete 
|  69|0x000000008ab00000, 0x000000008ac00000, 0x000000008ac00000|100%|HC|  |TAMS 0x000000008ac00000, 0x000000008ab00000| Complete 
|  70|0x000000008ac00000, 0x000000008ad00000, 0x000000008ad00000|100%|HC|  |TAMS 0x000000008ad00000, 0x000000008ac00000| Complete 
|  71|0x000000008ad00000, 0x000000008ae00000, 0x000000008ae00000|100%|HC|  |TAMS 0x000000008ae00000, 0x000000008ad00000| Complete 
|  72|0x000000008ae00000, 0x000000008af00000, 0x000000008af00000|100%|HC|  |TAMS 0x000000008af00000, 0x000000008ae00000| Complete 
|  73|0x000000008af00000, 0x000000008b000000, 0x000000008b000000|100%|HC|  |TAMS 0x000000008b000000, 0x000000008af00000| Complete 
|  74|0x000000008b000000, 0x000000008b100000, 0x000000008b100000|100%|HC|  |TAMS 0x000000008b100000, 0x000000008b000000| Complete 
|  75|0x000000008b100000, 0x000000008b200000, 0x000000008b200000|100%|HC|  |TAMS 0x000000008b200000, 0x000000008b100000| Complete 
|  76|0x000000008b200000, 0x000000008b300000, 0x000000008b300000|100%|HC|  |TAMS 0x000000008b300000, 0x000000008b200000| Complete 
|  77|0x000000008b300000, 0x000000008b400000, 0x000000008b400000|100%|HC|  |TAMS 0x000000008b400000, 0x000000008b300000| Complete 
|  78|0x000000008b400000, 0x000000008b500000, 0x000000008b500000|100%|HC|  |TAMS 0x000000008b500000, 0x000000008b400000| Complete 
|  79|0x000000008b500000, 0x000000008b600000, 0x000000008b600000|100%|HS|  |TAMS 0x000000008b600000, 0x000000008b500000| Complete 
|  80|0x000000008b600000, 0x000000008b700000, 0x000000008b700000|100%|HC|  |TAMS 0x000000008b700000, 0x000000008b600000| Complete 
|  81|0x000000008b700000, 0x000000008b800000, 0x000000008b800000|100%|HC|  |TAMS 0x000000008b800000, 0x000000008b700000| Complete 
|  82|0x000000008b800000, 0x000000008b900000, 0x000000008b900000|100%|HC|  |TAMS 0x000000008b900000, 0x000000008b800000| Complete 
|  83|0x000000008b900000, 0x000000008ba00000, 0x000000008ba00000|100%|HC|  |TAMS 0x000000008ba00000, 0x000000008b900000| Complete 
|  84|0x000000008ba00000, 0x000000008bb00000, 0x000000008bb00000|100%|HC|  |TAMS 0x000000008bb00000, 0x000000008ba00000| Complete 
|  85|0x000000008bb00000, 0x000000008bc00000, 0x000000008bc00000|100%|HC|  |TAMS 0x000000008bc00000, 0x000000008bb00000| Complete 
|  86|0x000000008bc00000, 0x000000008bd00000, 0x000000008bd00000|100%|HC|  |TAMS 0x000000008bd00000, 0x000000008bc00000| Complete 
|  87|0x000000008bd00000, 0x000000008be00000, 0x000000008be00000|100%|HC|  |TAMS 0x000000008be00000, 0x000000008bd00000| Complete 
|  88|0x000000008be00000, 0x000000008bf00000, 0x000000008bf00000|100%|HC|  |TAMS 0x000000008bf00000, 0x000000008be00000| Complete 
|  89|0x000000008bf00000, 0x000000008c000000, 0x000000008c000000|100%|HC|  |TAMS 0x000000008c000000, 0x000000008bf00000| Complete 
|  90|0x000000008c000000, 0x000000008c100000, 0x000000008c100000|100%|HC|  |TAMS 0x000000008c100000, 0x000000008c000000| Complete 
|  91|0x000000008c100000, 0x000000008c200000, 0x000000008c200000|100%|HC|  |TAMS 0x000000008c200000, 0x000000008c100000| Complete 
|  92|0x000000008c200000, 0x000000008c300000, 0x000000008c300000|100%|HC|  |TAMS 0x000000008c300000, 0x000000008c200000| Complete 
|  93|0x000000008c300000, 0x000000008c400000, 0x000000008c400000|100%|HC|  |TAMS 0x000000008c400000, 0x000000008c300000| Complete 
|  94|0x000000008c400000, 0x000000008c500000, 0x000000008c500000|100%|HC|  |TAMS 0x000000008c500000, 0x000000008c400000| Complete 
|  95|0x000000008c500000, 0x000000008c600000, 0x000000008c600000|100%|HC|  |TAMS 0x000000008c600000, 0x000000008c500000| Complete 
|  96|0x000000008c600000, 0x000000008c700000, 0x000000008c700000|100%| O|  |TAMS 0x000000008c700000, 0x000000008c600000| Untracked 
|  97|0x000000008c700000, 0x000000008c800000, 0x000000008c800000|100%|HS|  |TAMS 0x000000008c800000, 0x000000008c700000| Complete 
|  98|0x000000008c800000, 0x000000008c900000, 0x000000008c900000|100%|HC|  |TAMS 0x000000008c900000, 0x000000008c800000| Complete 
|  99|0x000000008c900000, 0x000000008ca00000, 0x000000008ca00000|100%|HC|  |TAMS 0x000000008ca00000, 0x000000008c900000| Complete 
| 100|0x000000008ca00000, 0x000000008cb00000, 0x000000008cb00000|100%|HC|  |TAMS 0x000000008cb00000, 0x000000008ca00000| Complete 
| 101|0x000000008cb00000, 0x000000008cc00000, 0x000000008cc00000|100%|HC|  |TAMS 0x000000008cc00000, 0x000000008cb00000| Complete 
| 102|0x000000008cc00000, 0x000000008cd00000, 0x000000008cd00000|100%|HC|  |TAMS 0x000000008cd00000, 0x000000008cc00000| Complete 
| 103|0x000000008cd00000, 0x000000008ce00000, 0x000000008ce00000|100%|HC|  |TAMS 0x000000008ce00000, 0x000000008cd00000| Complete 
| 104|0x000000008ce00000, 0x000000008cf00000, 0x000000008cf00000|100%|HC|  |TAMS 0x000000008cf00000, 0x000000008ce00000| Complete 
| 105|0x000000008cf00000, 0x000000008d000000, 0x000000008d000000|100%|HC|  |TAMS 0x000000008d000000, 0x000000008cf00000| Complete 
| 106|0x000000008d000000, 0x000000008d100000, 0x000000008d100000|100%|HC|  |TAMS 0x000000008d100000, 0x000000008d000000| Complete 
| 107|0x000000008d100000, 0x000000008d200000, 0x000000008d200000|100%|HC|  |TAMS 0x000000008d200000, 0x000000008d100000| Complete 
| 108|0x000000008d200000, 0x000000008d300000, 0x000000008d300000|100%|HC|  |TAMS 0x000000008d300000, 0x000000008d200000| Complete 
| 109|0x000000008d300000, 0x000000008d400000, 0x000000008d400000|100%|HC|  |TAMS 0x000000008d400000, 0x000000008d300000| Complete 
| 110|0x000000008d400000, 0x000000008d500000, 0x000000008d500000|100%|HC|  |TAMS 0x000000008d500000, 0x000000008d400000| Complete 
| 111|0x000000008d500000, 0x000000008d600000, 0x000000008d600000|100%|HC|  |TAMS 0x000000008d600000, 0x000000008d500000| Complete 
| 112|0x000000008d600000, 0x000000008d700000, 0x000000008d700000|100%|HC|  |TAMS 0x000000008d700000, 0x000000008d600000| Complete 
| 113|0x000000008d700000, 0x000000008d800000, 0x000000008d800000|100%|HC|  |TAMS 0x000000008d800000, 0x000000008d700000| Complete 
| 114|0x000000008d800000, 0x000000008d900000, 0x000000008d900000|100%| O|  |TAMS 0x000000008d900000, 0x000000008d800000| Untracked 
| 115|0x000000008d900000, 0x000000008d9f3000, 0x000000008da00000| 94%| O|  |TAMS 0x000000008d9b5800, 0x000000008d900000| Untracked 
| 116|0x000000008da00000, 0x000000008da00000, 0x000000008db00000|  0%| F|  |TAMS 0x000000008da00000, 0x000000008da00000| Untracked 
| 117|0x000000008db00000, 0x000000008db00000, 0x000000008dc00000|  0%| F|  |TAMS 0x000000008db00000, 0x000000008db00000| Untracked 
| 118|0x000000008dc00000, 0x000000008dc00000, 0x000000008dd00000|  0%| F|  |TAMS 0x000000008dc00000, 0x000000008dc00000| Untracked 
| 119|0x000000008dd00000, 0x000000008de00000, 0x000000008de00000|100%|HS|  |TAMS 0x000000008de00000, 0x000000008dd00000| Complete 
| 120|0x000000008de00000, 0x000000008df00000, 0x000000008df00000|100%|HC|  |TAMS 0x000000008df00000, 0x000000008de00000| Complete 
| 121|0x000000008df00000, 0x000000008e000000, 0x000000008e000000|100%|HC|  |TAMS 0x000000008e000000, 0x000000008df00000| Complete 
| 122|0x000000008e000000, 0x000000008e100000, 0x000000008e100000|100%|HC|  |TAMS 0x000000008e100000, 0x000000008e000000| Complete 
| 123|0x000000008e100000, 0x000000008e200000, 0x000000008e200000|100%|HC|  |TAMS 0x000000008e200000, 0x000000008e100000| Complete 
| 124|0x000000008e200000, 0x000000008e300000, 0x000000008e300000|100%|HC|  |TAMS 0x000000008e300000, 0x000000008e200000| Complete 
| 125|0x000000008e300000, 0x000000008e400000, 0x000000008e400000|100%|HC|  |TAMS 0x000000008e400000, 0x000000008e300000| Complete 
| 126|0x000000008e400000, 0x000000008e500000, 0x000000008e500000|100%|HC|  |TAMS 0x000000008e500000, 0x000000008e400000| Complete 
| 127|0x000000008e500000, 0x000000008e600000, 0x000000008e600000|100%|HC|  |TAMS 0x000000008e600000, 0x000000008e500000| Complete 
| 128|0x000000008e600000, 0x000000008e700000, 0x000000008e700000|100%|HC|  |TAMS 0x000000008e700000, 0x000000008e600000| Complete 
| 129|0x000000008e700000, 0x000000008e800000, 0x000000008e800000|100%|HC|  |TAMS 0x000000008e800000, 0x000000008e700000| Complete 
| 130|0x000000008e800000, 0x000000008e900000, 0x000000008e900000|100%|HC|  |TAMS 0x000000008e900000, 0x000000008e800000| Complete 
| 131|0x000000008e900000, 0x000000008ea00000, 0x000000008ea00000|100%|HC|  |TAMS 0x000000008ea00000, 0x000000008e900000| Complete 
| 132|0x000000008ea00000, 0x000000008eb00000, 0x000000008eb00000|100%|HC|  |TAMS 0x000000008eb00000, 0x000000008ea00000| Complete 
| 133|0x000000008eb00000, 0x000000008ec00000, 0x000000008ec00000|100%|HC|  |TAMS 0x000000008ec00000, 0x000000008eb00000| Complete 
| 134|0x000000008ec00000, 0x000000008ed00000, 0x000000008ed00000|100%|HC|  |TAMS 0x000000008ed00000, 0x000000008ec00000| Complete 
| 135|0x000000008ed00000, 0x000000008ee00000, 0x000000008ee00000|100%|HC|  |TAMS 0x000000008ee00000, 0x000000008ed00000| Complete 
| 136|0x000000008ee00000, 0x000000008ef00000, 0x000000008ef00000|100%|HS|  |TAMS 0x000000008ef00000, 0x000000008ee00000| Complete 
| 137|0x000000008ef00000, 0x000000008f000000, 0x000000008f000000|100%|HC|  |TAMS 0x000000008f000000, 0x000000008ef00000| Complete 
| 138|0x000000008f000000, 0x000000008f100000, 0x000000008f100000|100%|HC|  |TAMS 0x000000008f100000, 0x000000008f000000| Complete 
| 139|0x000000008f100000, 0x000000008f200000, 0x000000008f200000|100%|HC|  |TAMS 0x000000008f200000, 0x000000008f100000| Complete 
| 140|0x000000008f200000, 0x000000008f300000, 0x000000008f300000|100%|HC|  |TAMS 0x000000008f300000, 0x000000008f200000| Complete 
| 141|0x000000008f300000, 0x000000008f400000, 0x000000008f400000|100%|HC|  |TAMS 0x000000008f400000, 0x000000008f300000| Complete 
| 142|0x000000008f400000, 0x000000008f500000, 0x000000008f500000|100%|HC|  |TAMS 0x000000008f500000, 0x000000008f400000| Complete 
| 143|0x000000008f500000, 0x000000008f600000, 0x000000008f600000|100%|HC|  |TAMS 0x000000008f600000, 0x000000008f500000| Complete 
| 144|0x000000008f600000, 0x000000008f700000, 0x000000008f700000|100%|HC|  |TAMS 0x000000008f700000, 0x000000008f600000| Complete 
| 145|0x000000008f700000, 0x000000008f800000, 0x000000008f800000|100%|HC|  |TAMS 0x000000008f800000, 0x000000008f700000| Complete 
| 146|0x000000008f800000, 0x000000008f900000, 0x000000008f900000|100%|HC|  |TAMS 0x000000008f900000, 0x000000008f800000| Complete 
| 147|0x000000008f900000, 0x000000008fa00000, 0x000000008fa00000|100%|HC|  |TAMS 0x000000008fa00000, 0x000000008f900000| Complete 
| 148|0x000000008fa00000, 0x000000008fb00000, 0x000000008fb00000|100%|HC|  |TAMS 0x000000008fb00000, 0x000000008fa00000| Complete 
| 149|0x000000008fb00000, 0x000000008fc00000, 0x000000008fc00000|100%|HC|  |TAMS 0x000000008fc00000, 0x000000008fb00000| Complete 
| 150|0x000000008fc00000, 0x000000008fd00000, 0x000000008fd00000|100%|HC|  |TAMS 0x000000008fd00000, 0x000000008fc00000| Complete 
| 151|0x000000008fd00000, 0x000000008fe00000, 0x000000008fe00000|100%|HC|  |TAMS 0x000000008fe00000, 0x000000008fd00000| Complete 
| 152|0x000000008fe00000, 0x000000008ff00000, 0x000000008ff00000|100%|HC|  |TAMS 0x000000008ff00000, 0x000000008fe00000| Complete 
| 153|0x000000008ff00000, 0x0000000090000000, 0x0000000090000000|100%|HS|  |TAMS 0x0000000090000000, 0x000000008ff00000| Complete 
| 154|0x0000000090000000, 0x0000000090100000, 0x0000000090100000|100%|HC|  |TAMS 0x0000000090100000, 0x0000000090000000| Complete 
| 155|0x0000000090100000, 0x0000000090200000, 0x0000000090200000|100%|HC|  |TAMS 0x0000000090200000, 0x0000000090100000| Complete 
| 156|0x0000000090200000, 0x0000000090300000, 0x0000000090300000|100%|HC|  |TAMS 0x0000000090300000, 0x0000000090200000| Complete 
| 157|0x0000000090300000, 0x0000000090400000, 0x0000000090400000|100%|HC|  |TAMS 0x0000000090400000, 0x0000000090300000| Complete 
| 158|0x0000000090400000, 0x0000000090500000, 0x0000000090500000|100%|HC|  |TAMS 0x0000000090500000, 0x0000000090400000| Complete 
| 159|0x0000000090500000, 0x0000000090600000, 0x0000000090600000|100%|HC|  |TAMS 0x0000000090600000, 0x0000000090500000| Complete 
| 160|0x0000000090600000, 0x0000000090700000, 0x0000000090700000|100%|HC|  |TAMS 0x0000000090700000, 0x0000000090600000| Complete 
| 161|0x0000000090700000, 0x0000000090800000, 0x0000000090800000|100%|HC|  |TAMS 0x0000000090800000, 0x0000000090700000| Complete 
| 162|0x0000000090800000, 0x0000000090900000, 0x0000000090900000|100%|HC|  |TAMS 0x0000000090900000, 0x0000000090800000| Complete 
| 163|0x0000000090900000, 0x0000000090a00000, 0x0000000090a00000|100%|HC|  |TAMS 0x0000000090a00000, 0x0000000090900000| Complete 
| 164|0x0000000090a00000, 0x0000000090b00000, 0x0000000090b00000|100%|HC|  |TAMS 0x0000000090b00000, 0x0000000090a00000| Complete 
| 165|0x0000000090b00000, 0x0000000090c00000, 0x0000000090c00000|100%|HC|  |TAMS 0x0000000090c00000, 0x0000000090b00000| Complete 
| 166|0x0000000090c00000, 0x0000000090d00000, 0x0000000090d00000|100%|HC|  |TAMS 0x0000000090d00000, 0x0000000090c00000| Complete 
| 167|0x0000000090d00000, 0x0000000090e00000, 0x0000000090e00000|100%|HC|  |TAMS 0x0000000090e00000, 0x0000000090d00000| Complete 
| 168|0x0000000090e00000, 0x0000000090f00000, 0x0000000090f00000|100%|HC|  |TAMS 0x0000000090f00000, 0x0000000090e00000| Complete 
| 169|0x0000000090f00000, 0x0000000091000000, 0x0000000091000000|100%|HC|  |TAMS 0x0000000091000000, 0x0000000090f00000| Complete 
| 170|0x0000000091000000, 0x0000000091100000, 0x0000000091100000|100%|HS|  |TAMS 0x0000000091100000, 0x0000000091000000| Complete 
| 171|0x0000000091100000, 0x0000000091200000, 0x0000000091200000|100%|HC|  |TAMS 0x0000000091200000, 0x0000000091100000| Complete 
| 172|0x0000000091200000, 0x0000000091300000, 0x0000000091300000|100%|HC|  |TAMS 0x0000000091300000, 0x0000000091200000| Complete 
| 173|0x0000000091300000, 0x0000000091400000, 0x0000000091400000|100%|HC|  |TAMS 0x0000000091400000, 0x0000000091300000| Complete 
| 174|0x0000000091400000, 0x0000000091500000, 0x0000000091500000|100%|HC|  |TAMS 0x0000000091500000, 0x0000000091400000| Complete 
| 175|0x0000000091500000, 0x0000000091600000, 0x0000000091600000|100%|HC|  |TAMS 0x0000000091600000, 0x0000000091500000| Complete 
| 176|0x0000000091600000, 0x0000000091700000, 0x0000000091700000|100%|HC|  |TAMS 0x0000000091700000, 0x0000000091600000| Complete 
| 177|0x0000000091700000, 0x0000000091800000, 0x0000000091800000|100%|HC|  |TAMS 0x0000000091800000, 0x0000000091700000| Complete 
| 178|0x0000000091800000, 0x0000000091900000, 0x0000000091900000|100%|HC|  |TAMS 0x0000000091900000, 0x0000000091800000| Complete 
| 179|0x0000000091900000, 0x0000000091a00000, 0x0000000091a00000|100%|HC|  |TAMS 0x0000000091a00000, 0x0000000091900000| Complete 
| 180|0x0000000091a00000, 0x0000000091b00000, 0x0000000091b00000|100%|HC|  |TAMS 0x0000000091b00000, 0x0000000091a00000| Complete 
| 181|0x0000000091b00000, 0x0000000091c00000, 0x0000000091c00000|100%|HC|  |TAMS 0x0000000091c00000, 0x0000000091b00000| Complete 
| 182|0x0000000091c00000, 0x0000000091d00000, 0x0000000091d00000|100%|HC|  |TAMS 0x0000000091d00000, 0x0000000091c00000| Complete 
| 183|0x0000000091d00000, 0x0000000091e00000, 0x0000000091e00000|100%|HC|  |TAMS 0x0000000091e00000, 0x0000000091d00000| Complete 
| 184|0x0000000091e00000, 0x0000000091f00000, 0x0000000091f00000|100%|HC|  |TAMS 0x0000000091f00000, 0x0000000091e00000| Complete 
| 185|0x0000000091f00000, 0x0000000092000000, 0x0000000092000000|100%|HC|  |TAMS 0x0000000092000000, 0x0000000091f00000| Complete 
| 186|0x0000000092000000, 0x0000000092100000, 0x0000000092100000|100%|HC|  |TAMS 0x0000000092100000, 0x0000000092000000| Complete 
| 187|0x0000000092100000, 0x0000000092200000, 0x0000000092200000|100%|HS|  |TAMS 0x0000000092200000, 0x0000000092100000| Complete 
| 188|0x0000000092200000, 0x0000000092300000, 0x0000000092300000|100%|HC|  |TAMS 0x0000000092300000, 0x0000000092200000| Complete 
| 189|0x0000000092300000, 0x0000000092400000, 0x0000000092400000|100%|HC|  |TAMS 0x0000000092400000, 0x0000000092300000| Complete 
| 190|0x0000000092400000, 0x0000000092500000, 0x0000000092500000|100%|HC|  |TAMS 0x0000000092500000, 0x0000000092400000| Complete 
| 191|0x0000000092500000, 0x0000000092600000, 0x0000000092600000|100%|HC|  |TAMS 0x0000000092600000, 0x0000000092500000| Complete 
| 192|0x0000000092600000, 0x0000000092700000, 0x0000000092700000|100%|HC|  |TAMS 0x0000000092700000, 0x0000000092600000| Complete 
| 193|0x0000000092700000, 0x0000000092800000, 0x0000000092800000|100%|HC|  |TAMS 0x0000000092800000, 0x0000000092700000| Complete 
| 194|0x0000000092800000, 0x0000000092900000, 0x0000000092900000|100%|HC|  |TAMS 0x0000000092900000, 0x0000000092800000| Complete 
| 195|0x0000000092900000, 0x0000000092a00000, 0x0000000092a00000|100%|HC|  |TAMS 0x0000000092a00000, 0x0000000092900000| Complete 
| 196|0x0000000092a00000, 0x0000000092b00000, 0x0000000092b00000|100%|HC|  |TAMS 0x0000000092b00000, 0x0000000092a00000| Complete 
| 197|0x0000000092b00000, 0x0000000092c00000, 0x0000000092c00000|100%|HC|  |TAMS 0x0000000092c00000, 0x0000000092b00000| Complete 
| 198|0x0000000092c00000, 0x0000000092d00000, 0x0000000092d00000|100%|HC|  |TAMS 0x0000000092d00000, 0x0000000092c00000| Complete 
| 199|0x0000000092d00000, 0x0000000092e00000, 0x0000000092e00000|100%|HC|  |TAMS 0x0000000092e00000, 0x0000000092d00000| Complete 
| 200|0x0000000092e00000, 0x0000000092f00000, 0x0000000092f00000|100%|HC|  |TAMS 0x0000000092f00000, 0x0000000092e00000| Complete 
| 201|0x0000000092f00000, 0x0000000093000000, 0x0000000093000000|100%|HC|  |TAMS 0x0000000093000000, 0x0000000092f00000| Complete 
| 202|0x0000000093000000, 0x0000000093100000, 0x0000000093100000|100%|HC|  |TAMS 0x0000000093100000, 0x0000000093000000| Complete 
| 203|0x0000000093100000, 0x0000000093200000, 0x0000000093200000|100%|HC|  |TAMS 0x0000000093200000, 0x0000000093100000| Complete 
| 204|0x0000000093200000, 0x0000000093300000, 0x0000000093300000|100%|HS|  |TAMS 0x0000000093300000, 0x0000000093200000| Complete 
| 205|0x0000000093300000, 0x0000000093400000, 0x0000000093400000|100%|HC|  |TAMS 0x0000000093400000, 0x0000000093300000| Complete 
| 206|0x0000000093400000, 0x0000000093500000, 0x0000000093500000|100%|HC|  |TAMS 0x0000000093500000, 0x0000000093400000| Complete 
| 207|0x0000000093500000, 0x0000000093600000, 0x0000000093600000|100%|HC|  |TAMS 0x0000000093600000, 0x0000000093500000| Complete 
| 208|0x0000000093600000, 0x0000000093700000, 0x0000000093700000|100%|HC|  |TAMS 0x0000000093700000, 0x0000000093600000| Complete 
| 209|0x0000000093700000, 0x0000000093800000, 0x0000000093800000|100%|HC|  |TAMS 0x0000000093800000, 0x0000000093700000| Complete 
| 210|0x0000000093800000, 0x0000000093900000, 0x0000000093900000|100%|HC|  |TAMS 0x0000000093900000, 0x0000000093800000| Complete 
| 211|0x0000000093900000, 0x0000000093a00000, 0x0000000093a00000|100%|HC|  |TAMS 0x0000000093a00000, 0x0000000093900000| Complete 
| 212|0x0000000093a00000, 0x0000000093b00000, 0x0000000093b00000|100%|HC|  |TAMS 0x0000000093b00000, 0x0000000093a00000| Complete 
| 213|0x0000000093b00000, 0x0000000093c00000, 0x0000000093c00000|100%|HC|  |TAMS 0x0000000093c00000, 0x0000000093b00000| Complete 
| 214|0x0000000093c00000, 0x0000000093d00000, 0x0000000093d00000|100%|HC|  |TAMS 0x0000000093d00000, 0x0000000093c00000| Complete 
| 215|0x0000000093d00000, 0x0000000093e00000, 0x0000000093e00000|100%|HC|  |TAMS 0x0000000093e00000, 0x0000000093d00000| Complete 
| 216|0x0000000093e00000, 0x0000000093f00000, 0x0000000093f00000|100%|HC|  |TAMS 0x0000000093f00000, 0x0000000093e00000| Complete 
| 217|0x0000000093f00000, 0x0000000094000000, 0x0000000094000000|100%|HC|  |TAMS 0x0000000094000000, 0x0000000093f00000| Complete 
| 218|0x0000000094000000, 0x0000000094100000, 0x0000000094100000|100%|HC|  |TAMS 0x0000000094100000, 0x0000000094000000| Complete 
| 219|0x0000000094100000, 0x0000000094200000, 0x0000000094200000|100%|HC|  |TAMS 0x0000000094200000, 0x0000000094100000| Complete 
| 220|0x0000000094200000, 0x0000000094300000, 0x0000000094300000|100%|HC|  |TAMS 0x0000000094300000, 0x0000000094200000| Complete 
| 221|0x0000000094300000, 0x0000000094400000, 0x0000000094400000|100%|HS|  |TAMS 0x0000000094400000, 0x0000000094300000| Complete 
| 222|0x0000000094400000, 0x0000000094500000, 0x0000000094500000|100%|HC|  |TAMS 0x0000000094500000, 0x0000000094400000| Complete 
| 223|0x0000000094500000, 0x0000000094600000, 0x0000000094600000|100%|HC|  |TAMS 0x0000000094600000, 0x0000000094500000| Complete 
| 224|0x0000000094600000, 0x0000000094700000, 0x0000000094700000|100%|HC|  |TAMS 0x0000000094700000, 0x0000000094600000| Complete 
| 225|0x0000000094700000, 0x0000000094800000, 0x0000000094800000|100%|HC|  |TAMS 0x0000000094800000, 0x0000000094700000| Complete 
| 226|0x0000000094800000, 0x0000000094900000, 0x0000000094900000|100%|HC|  |TAMS 0x0000000094900000, 0x0000000094800000| Complete 
| 227|0x0000000094900000, 0x0000000094a00000, 0x0000000094a00000|100%|HC|  |TAMS 0x0000000094a00000, 0x0000000094900000| Complete 
| 228|0x0000000094a00000, 0x0000000094b00000, 0x0000000094b00000|100%|HC|  |TAMS 0x0000000094b00000, 0x0000000094a00000| Complete 
| 229|0x0000000094b00000, 0x0000000094c00000, 0x0000000094c00000|100%|HC|  |TAMS 0x0000000094c00000, 0x0000000094b00000| Complete 
| 230|0x0000000094c00000, 0x0000000094d00000, 0x0000000094d00000|100%|HC|  |TAMS 0x0000000094d00000, 0x0000000094c00000| Complete 
| 231|0x0000000094d00000, 0x0000000094e00000, 0x0000000094e00000|100%|HC|  |TAMS 0x0000000094e00000, 0x0000000094d00000| Complete 
| 232|0x0000000094e00000, 0x0000000094f00000, 0x0000000094f00000|100%|HC|  |TAMS 0x0000000094f00000, 0x0000000094e00000| Complete 
| 233|0x0000000094f00000, 0x0000000095000000, 0x0000000095000000|100%|HC|  |TAMS 0x0000000095000000, 0x0000000094f00000| Complete 
| 234|0x0000000095000000, 0x0000000095100000, 0x0000000095100000|100%|HC|  |TAMS 0x0000000095100000, 0x0000000095000000| Complete 
| 235|0x0000000095100000, 0x0000000095200000, 0x0000000095200000|100%|HC|  |TAMS 0x0000000095200000, 0x0000000095100000| Complete 
| 236|0x0000000095200000, 0x0000000095300000, 0x0000000095300000|100%|HC|  |TAMS 0x0000000095300000, 0x0000000095200000| Complete 
| 237|0x0000000095300000, 0x0000000095400000, 0x0000000095400000|100%|HC|  |TAMS 0x0000000095400000, 0x0000000095300000| Complete 
| 238|0x0000000095400000, 0x0000000095500000, 0x0000000095500000|100%|HS|  |TAMS 0x0000000095500000, 0x0000000095400000| Complete 
| 239|0x0000000095500000, 0x0000000095600000, 0x0000000095600000|100%|HC|  |TAMS 0x0000000095600000, 0x0000000095500000| Complete 
| 240|0x0000000095600000, 0x0000000095700000, 0x0000000095700000|100%|HC|  |TAMS 0x0000000095700000, 0x0000000095600000| Complete 
| 241|0x0000000095700000, 0x0000000095800000, 0x0000000095800000|100%|HC|  |TAMS 0x0000000095800000, 0x0000000095700000| Complete 
| 242|0x0000000095800000, 0x0000000095900000, 0x0000000095900000|100%|HC|  |TAMS 0x0000000095900000, 0x0000000095800000| Complete 
| 243|0x0000000095900000, 0x0000000095a00000, 0x0000000095a00000|100%|HC|  |TAMS 0x0000000095a00000, 0x0000000095900000| Complete 
| 244|0x0000000095a00000, 0x0000000095b00000, 0x0000000095b00000|100%|HC|  |TAMS 0x0000000095b00000, 0x0000000095a00000| Complete 
| 245|0x0000000095b00000, 0x0000000095c00000, 0x0000000095c00000|100%|HC|  |TAMS 0x0000000095c00000, 0x0000000095b00000| Complete 
| 246|0x0000000095c00000, 0x0000000095d00000, 0x0000000095d00000|100%|HC|  |TAMS 0x0000000095d00000, 0x0000000095c00000| Complete 
| 247|0x0000000095d00000, 0x0000000095e00000, 0x0000000095e00000|100%|HC|  |TAMS 0x0000000095e00000, 0x0000000095d00000| Complete 
| 248|0x0000000095e00000, 0x0000000095f00000, 0x0000000095f00000|100%|HC|  |TAMS 0x0000000095f00000, 0x0000000095e00000| Complete 
| 249|0x0000000095f00000, 0x0000000096000000, 0x0000000096000000|100%|HC|  |TAMS 0x0000000096000000, 0x0000000095f00000| Complete 
| 250|0x0000000096000000, 0x0000000096100000, 0x0000000096100000|100%|HC|  |TAMS 0x0000000096100000, 0x0000000096000000| Complete 
| 251|0x0000000096100000, 0x0000000096200000, 0x0000000096200000|100%|HC|  |TAMS 0x0000000096200000, 0x0000000096100000| Complete 
| 252|0x0000000096200000, 0x0000000096300000, 0x0000000096300000|100%|HC|  |TAMS 0x0000000096300000, 0x0000000096200000| Complete 
| 253|0x0000000096300000, 0x0000000096400000, 0x0000000096400000|100%|HC|  |TAMS 0x0000000096400000, 0x0000000096300000| Complete 
| 254|0x0000000096400000, 0x0000000096500000, 0x0000000096500000|100%|HC|  |TAMS 0x0000000096500000, 0x0000000096400000| Complete 
| 255|0x0000000096500000, 0x0000000096600000, 0x0000000096600000|100%|HS|  |TAMS 0x0000000096600000, 0x0000000096500000| Complete 
| 256|0x0000000096600000, 0x0000000096700000, 0x0000000096700000|100%|HC|  |TAMS 0x0000000096700000, 0x0000000096600000| Complete 
| 257|0x0000000096700000, 0x0000000096800000, 0x0000000096800000|100%|HC|  |TAMS 0x0000000096800000, 0x0000000096700000| Complete 
| 258|0x0000000096800000, 0x0000000096900000, 0x0000000096900000|100%|HC|  |TAMS 0x0000000096900000, 0x0000000096800000| Complete 
| 259|0x0000000096900000, 0x0000000096a00000, 0x0000000096a00000|100%|HC|  |TAMS 0x0000000096a00000, 0x0000000096900000| Complete 
| 260|0x0000000096a00000, 0x0000000096b00000, 0x0000000096b00000|100%|HC|  |TAMS 0x0000000096b00000, 0x0000000096a00000| Complete 
| 261|0x0000000096b00000, 0x0000000096c00000, 0x0000000096c00000|100%|HC|  |TAMS 0x0000000096c00000, 0x0000000096b00000| Complete 
| 262|0x0000000096c00000, 0x0000000096d00000, 0x0000000096d00000|100%|HC|  |TAMS 0x0000000096d00000, 0x0000000096c00000| Complete 
| 263|0x0000000096d00000, 0x0000000096e00000, 0x0000000096e00000|100%|HC|  |TAMS 0x0000000096e00000, 0x0000000096d00000| Complete 
| 264|0x0000000096e00000, 0x0000000096f00000, 0x0000000096f00000|100%|HC|  |TAMS 0x0000000096f00000, 0x0000000096e00000| Complete 
| 265|0x0000000096f00000, 0x0000000097000000, 0x0000000097000000|100%|HC|  |TAMS 0x0000000097000000, 0x0000000096f00000| Complete 
| 266|0x0000000097000000, 0x0000000097100000, 0x0000000097100000|100%|HC|  |TAMS 0x0000000097100000, 0x0000000097000000| Complete 
| 267|0x0000000097100000, 0x0000000097200000, 0x0000000097200000|100%|HC|  |TAMS 0x0000000097200000, 0x0000000097100000| Complete 
| 268|0x0000000097200000, 0x0000000097300000, 0x0000000097300000|100%|HC|  |TAMS 0x0000000097300000, 0x0000000097200000| Complete 
| 269|0x0000000097300000, 0x0000000097400000, 0x0000000097400000|100%|HC|  |TAMS 0x0000000097400000, 0x0000000097300000| Complete 
| 270|0x0000000097400000, 0x0000000097500000, 0x0000000097500000|100%|HC|  |TAMS 0x0000000097500000, 0x0000000097400000| Complete 
| 271|0x0000000097500000, 0x0000000097600000, 0x0000000097600000|100%|HC|  |TAMS 0x0000000097600000, 0x0000000097500000| Complete 
| 272|0x0000000097600000, 0x0000000097700000, 0x0000000097700000|100%|HS|  |TAMS 0x0000000097700000, 0x0000000097600000| Complete 
| 273|0x0000000097700000, 0x0000000097800000, 0x0000000097800000|100%|HC|  |TAMS 0x0000000097800000, 0x0000000097700000| Complete 
| 274|0x0000000097800000, 0x0000000097900000, 0x0000000097900000|100%|HC|  |TAMS 0x0000000097900000, 0x0000000097800000| Complete 
| 275|0x0000000097900000, 0x0000000097a00000, 0x0000000097a00000|100%|HC|  |TAMS 0x0000000097a00000, 0x0000000097900000| Complete 
| 276|0x0000000097a00000, 0x0000000097b00000, 0x0000000097b00000|100%|HC|  |TAMS 0x0000000097b00000, 0x0000000097a00000| Complete 
| 277|0x0000000097b00000, 0x0000000097c00000, 0x0000000097c00000|100%|HC|  |TAMS 0x0000000097c00000, 0x0000000097b00000| Complete 
| 278|0x0000000097c00000, 0x0000000097d00000, 0x0000000097d00000|100%|HC|  |TAMS 0x0000000097d00000, 0x0000000097c00000| Complete 
| 279|0x0000000097d00000, 0x0000000097e00000, 0x0000000097e00000|100%|HC|  |TAMS 0x0000000097e00000, 0x0000000097d00000| Complete 
| 280|0x0000000097e00000, 0x0000000097f00000, 0x0000000097f00000|100%|HC|  |TAMS 0x0000000097f00000, 0x0000000097e00000| Complete 
| 281|0x0000000097f00000, 0x0000000098000000, 0x0000000098000000|100%|HC|  |TAMS 0x0000000098000000, 0x0000000097f00000| Complete 
| 282|0x0000000098000000, 0x0000000098100000, 0x0000000098100000|100%|HC|  |TAMS 0x0000000098100000, 0x0000000098000000| Complete 
| 283|0x0000000098100000, 0x0000000098200000, 0x0000000098200000|100%|HC|  |TAMS 0x0000000098200000, 0x0000000098100000| Complete 
| 284|0x0000000098200000, 0x0000000098300000, 0x0000000098300000|100%|HC|  |TAMS 0x0000000098300000, 0x0000000098200000| Complete 
| 285|0x0000000098300000, 0x0000000098400000, 0x0000000098400000|100%|HC|  |TAMS 0x0000000098400000, 0x0000000098300000| Complete 
| 286|0x0000000098400000, 0x0000000098500000, 0x0000000098500000|100%|HC|  |TAMS 0x0000000098500000, 0x0000000098400000| Complete 
| 287|0x0000000098500000, 0x0000000098600000, 0x0000000098600000|100%|HC|  |TAMS 0x0000000098600000, 0x0000000098500000| Complete 
| 288|0x0000000098600000, 0x0000000098700000, 0x0000000098700000|100%|HC|  |TAMS 0x0000000098700000, 0x0000000098600000| Complete 
| 289|0x0000000098700000, 0x0000000098700000, 0x0000000098800000|  0%| F|  |TAMS 0x0000000098700000, 0x0000000098700000| Untracked 
| 290|0x0000000098800000, 0x0000000098800000, 0x0000000098900000|  0%| F|  |TAMS 0x0000000098800000, 0x0000000098800000| Untracked 
| 291|0x0000000098900000, 0x0000000098900000, 0x0000000098a00000|  0%| F|  |TAMS 0x0000000098900000, 0x0000000098900000| Untracked 
| 292|0x0000000098a00000, 0x0000000098a00000, 0x0000000098b00000|  0%| F|  |TAMS 0x0000000098a00000, 0x0000000098a00000| Untracked 
| 293|0x0000000098b00000, 0x0000000098b00000, 0x0000000098c00000|  0%| F|  |TAMS 0x0000000098b00000, 0x0000000098b00000| Untracked 
| 294|0x0000000098c00000, 0x0000000098c00000, 0x0000000098d00000|  0%| F|  |TAMS 0x0000000098c00000, 0x0000000098c00000| Untracked 
| 295|0x0000000098d00000, 0x0000000098e00000, 0x0000000098e00000|100%| E|  |TAMS 0x0000000098d00000, 0x0000000098d00000| Complete 
| 296|0x0000000098e00000, 0x0000000098f00000, 0x0000000098f00000|100%| E|CS|TAMS 0x0000000098e00000, 0x0000000098e00000| Complete 
| 297|0x0000000098f00000, 0x0000000099000000, 0x0000000099000000|100%| E|CS|TAMS 0x0000000098f00000, 0x0000000098f00000| Complete 
| 298|0x0000000099000000, 0x0000000099100000, 0x0000000099100000|100%| E|CS|TAMS 0x0000000099000000, 0x0000000099000000| Complete 
| 299|0x0000000099100000, 0x0000000099200000, 0x0000000099200000|100%| E|CS|TAMS 0x0000000099100000, 0x0000000099100000| Complete 
| 300|0x0000000099200000, 0x0000000099300000, 0x0000000099300000|100%| S|CS|TAMS 0x0000000099200000, 0x0000000099200000| Complete 
| 301|0x0000000099300000, 0x000000009935c340, 0x0000000099400000| 36%| S|CS|TAMS 0x0000000099300000, 0x0000000099300000| Complete 

Card table byte_map: [0x0000021b52f50000,0x0000021b53320000] _byte_map_base: 0x0000021b52b1d000

Marking Bits (Prev, Next): (CMBitMap*) 0x0000021b3b3e49d0, (CMBitMap*) 0x0000021b3b3e4998
 Prev Bits: [0x0000021b55560000, 0x0000021b573c8000)
 Next Bits: [0x0000021b536f0000, 0x0000021b55558000)

Polling page: 0x0000021b39330000

Metaspace:

Usage:
  Non-class:     27.51 MB capacity,    26.89 MB ( 98%) used,   512.62 KB (  2%) free+waste,   122.56 KB ( <1%) overhead. 
      Class:      3.81 MB capacity,     3.38 MB ( 89%) used,   374.08 KB ( 10%) free+waste,    58.06 KB (  1%) overhead. 
       Both:     31.31 MB capacity,    30.27 MB ( 97%) used,   886.70 KB (  3%) free+waste,   180.63 KB ( <1%) overhead. 

Virtual space:
  Non-class space:       28.00 MB reserved,      27.75 MB (>99%) committed 
      Class space:        1.00 GB reserved,       3.88 MB ( <1%) committed 
             Both:        1.03 GB reserved,      31.63 MB (  3%) committed 

Chunk freelists:
   Non-Class:  0 bytes
       Class:  0 bytes
        Both:  0 bytes

CodeHeap 'non-profiled nmethods': size=120000Kb used=1811Kb max_used=1811Kb free=118188Kb
 bounds [0x0000021b4b320000, 0x0000021b4b590000, 0x0000021b52850000]
CodeHeap 'profiled nmethods': size=120000Kb used=10142Kb max_used=10142Kb free=109857Kb
 bounds [0x0000021b43df0000, 0x0000021b447e0000, 0x0000021b4b320000]
CodeHeap 'non-nmethods': size=5760Kb used=1189Kb max_used=1241Kb free=4570Kb
 bounds [0x0000021b43850000, 0x0000021b43ac0000, 0x0000021b43df0000]
 total_blobs=5420 nmethods=4896 adapters=435
 compilation: enabled
              stopped_count=0, restarted_count=0
 full_count=0

Compilation events (10 events):
Event: 277.420 Thread 0x0000021b59e36000 nmethod 4881 0x0000021b447c9410 code [0x0000021b447c97c0, 0x0000021b447cb178]
Event: 277.420 Thread 0x0000021b59e36000 4885  s    3       java.util.Hashtable::remove (133 bytes)
Event: 277.420 Thread 0x0000021b59e36000 nmethod 4885 0x0000021b447cba10 code [0x0000021b447cbc20, 0x0000021b447cc4b8]
Event: 277.420 Thread 0x0000021b59e36000 4882       3       java.io.PrintWriter::println (5 bytes)
Event: 277.420 Thread 0x0000021b59e36000 nmethod 4882 0x0000021b447cc710 code [0x0000021b447cc8c0, 0x0000021b447cc9e8]
Event: 277.420 Thread 0x0000021b59e36000 4883   !   3       java.io.PrintWriter::newLine (65 bytes)
Event: 277.421 Thread 0x0000021b59e36000 nmethod 4883 0x0000021b447cca90 code [0x0000021b447cccc0, 0x0000021b447cd458]
Event: 277.421 Thread 0x0000021b59e36000 4886       3       sun.nio.cs.UTF_8$Encoder::encodeArrayLoop (489 bytes)
Event: 277.424 Thread 0x0000021b59e36000 nmethod 4886 0x0000021b447cd790 code [0x0000021b447cdd80, 0x0000021b447d14a8]
Event: 277.426 Thread 0x0000021b59e34000 4887       4       sun.net.www.ParseUtil::encodePath (41 bytes)

GC Heap History (10 events):
Event: 167.042 GC heap before
{Heap before GC invocations=33 (full 0):
 garbage-first heap   total 299008K, used 298208K [0x0000000086600000, 0x0000000100000000)
  region size 1024K, 6 young (6144K), 1 survivors (1024K)
 Metaspace       used 30317K, capacity 31387K, committed 31616K, reserved 1077248K
  class space    used 3444K, capacity 3873K, committed 3968K, reserved 1048576K
}
Event: 167.045 GC heap after
{Heap after GC invocations=34 (full 0):
 garbage-first heap   total 301056K, used 293243K [0x0000000086600000, 0x0000000100000000)
  region size 1024K, 2 young (2048K), 2 survivors (2048K)
 Metaspace       used 30317K, capacity 31387K, committed 31616K, reserved 1077248K
  class space    used 3444K, capacity 3873K, committed 3968K, reserved 1048576K
}
Event: 182.646 GC heap before
{Heap before GC invocations=34 (full 0):
 garbage-first heap   total 301056K, used 299387K [0x0000000086600000, 0x0000000100000000)
  region size 1024K, 8 young (8192K), 2 survivors (2048K)
 Metaspace       used 30418K, capacity 31459K, committed 31616K, reserved 1077248K
  class space    used 3444K, capacity 3873K, committed 3968K, reserved 1048576K
}
Event: 182.649 GC heap after
{Heap after GC invocations=35 (full 0):
 garbage-first heap   total 303104K, used 293373K [0x0000000086600000, 0x0000000100000000)
  region size 1024K, 2 young (2048K), 2 survivors (2048K)
 Metaspace       used 30418K, capacity 31459K, committed 31616K, reserved 1077248K
  class space    used 3444K, capacity 3873K, committed 3968K, reserved 1048576K
}
Event: 204.907 GC heap before
{Heap before GC invocations=36 (full 0):
 garbage-first heap   total 303104K, used 301565K [0x0000000086600000, 0x0000000100000000)
  region size 1024K, 10 young (10240K), 2 survivors (2048K)
 Metaspace       used 30525K, capacity 31593K, committed 31872K, reserved 1077248K
  class space    used 3445K, capacity 3873K, committed 3968K, reserved 1048576K
}
Event: 204.909 GC heap after
{Heap after GC invocations=37 (full 0):
 garbage-first heap   total 305152K, used 293626K [0x0000000086600000, 0x0000000100000000)
  region size 1024K, 2 young (2048K), 2 survivors (2048K)
 Metaspace       used 30525K, capacity 31593K, committed 31872K, reserved 1077248K
  class space    used 3445K, capacity 3873K, committed 3968K, reserved 1048576K
}
Event: 232.511 GC heap before
{Heap before GC invocations=37 (full 0):
 garbage-first heap   total 305152K, used 303866K [0x0000000086600000, 0x0000000100000000)
  region size 1024K, 12 young (12288K), 2 survivors (2048K)
 Metaspace       used 30703K, capacity 31794K, committed 32128K, reserved 1077248K
  class space    used 3447K, capacity 3873K, committed 3968K, reserved 1048576K
}
Event: 232.513 GC heap after
{Heap after GC invocations=38 (full 0):
 garbage-first heap   total 307200K, used 293898K [0x0000000086600000, 0x0000000100000000)
  region size 1024K, 2 young (2048K), 2 survivors (2048K)
 Metaspace       used 30703K, capacity 31794K, committed 32128K, reserved 1077248K
  class space    used 3447K, capacity 3873K, committed 3968K, reserved 1048576K
}
Event: 266.952 GC heap before
{Heap before GC invocations=39 (full 0):
 garbage-first heap   total 307200K, used 306186K [0x0000000086600000, 0x0000000100000000)
  region size 1024K, 14 young (14336K), 2 survivors (2048K)
 Metaspace       used 30896K, capacity 31933K, committed 32128K, reserved 1077248K
  class space    used 3447K, capacity 3873K, committed 3968K, reserved 1048576K
}
Event: 266.955 GC heap after
{Heap after GC invocations=40 (full 0):
 garbage-first heap   total 309248K, used 294204K [0x0000000086600000, 0x0000000100000000)
  region size 1024K, 2 young (2048K), 2 survivors (2048K)
 Metaspace       used 30896K, capacity 31933K, committed 32128K, reserved 1077248K
  class space    used 3447K, capacity 3873K, committed 3968K, reserved 1048576K
}

Deoptimization events (10 events):
Event: 203.550 Thread 0x0000021b5ae44000 Uncommon trap: reason=profile_predicate action=maybe_recompile pc=0x0000021b4b4a9424 method=io.netty.buffer.AbstractByteBuf.forEachByteAsc0(IILio/netty/util/ByteProcessor;)I @ 2 c2
Event: 203.550 Thread 0x0000021b5ae44000 Uncommon trap: reason=profile_predicate action=maybe_recompile pc=0x0000021b4b4a9424 method=io.netty.buffer.AbstractByteBuf.forEachByteAsc0(IILio/netty/util/ByteProcessor;)I @ 2 c2
Event: 231.770 Thread 0x0000021b3b3a5000 Uncommon trap: reason=predicate action=maybe_recompile pc=0x0000021b4b4bbb38 method=java.util.AbstractCollection.toArray([Ljava/lang/Object;)[Ljava/lang/Object; @ 43 c2
Event: 244.967 Thread 0x0000021b3b3a5000 Uncommon trap: reason=array_check action=maybe_recompile pc=0x0000021b4b4c6e60 method=java.util.AbstractCollection.toArray([Ljava/lang/Object;)[Ljava/lang/Object; @ 116 c2
Event: 245.640 Thread 0x0000021b3b3a5000 Uncommon trap: reason=array_check action=maybe_recompile pc=0x0000021b4b4c6e60 method=java.util.AbstractCollection.toArray([Ljava/lang/Object;)[Ljava/lang/Object; @ 116 c2
Event: 245.643 Thread 0x0000021b3b3a5000 Uncommon trap: reason=array_check action=maybe_recompile pc=0x0000021b4b4c6e60 method=java.util.AbstractCollection.toArray([Ljava/lang/Object;)[Ljava/lang/Object; @ 116 c2
Event: 253.023 Thread 0x0000021b3b3a5000 Uncommon trap: reason=array_check action=maybe_recompile pc=0x0000021b4b4c6e60 method=java.util.AbstractCollection.toArray([Ljava/lang/Object;)[Ljava/lang/Object; @ 116 c2
Event: 277.409 Thread 0x0000021b3b3a5000 Uncommon trap: reason=bimorphic_or_optimized_type_check action=maybe_recompile pc=0x0000021b4b469ec8 method=java.util.stream.StreamOpFlag.fromCharacteristics(Ljava/util/Spliterator;)I @ 14 c2
Event: 277.418 Thread 0x0000021b3b3a5000 Uncommon trap: reason=class_check action=maybe_recompile pc=0x0000021b4b471608 method=java.util.HashMap$EntrySpliterator.forEachRemaining(Ljava/util/function/Consumer;)V @ 142 c2
Event: 277.421 Thread 0x0000021b3b3a5000 Uncommon trap: reason=unstable_if action=reinterpret pc=0x0000021b4b4c3efc method=sun.nio.cs.UTF_8$Encoder.encodeArrayLoop(Ljava/nio/CharBuffer;Ljava/nio/ByteBuffer;)Ljava/nio/charset/CoderResult; @ 113 c2

Classes redefined (0 events):
No events

Internal exceptions (10 events):
Event: 260.165 Thread 0x0000021b5ae55800 Exception <a 'java/io/IOException'{0x00000000988b1280}> (0x00000000988b1280) thrown at [./open/src/hotspot/share/prims/jni.cpp, line 611]
Event: 260.697 Thread 0x0000021b5c280800 Exception <a 'java/net/SocketTimeoutException'{0x000000009895d558}: connect timed out> (0x000000009895d558) thrown at [./open/src/hotspot/share/prims/jni.cpp, line 632]
Event: 266.382 Thread 0x0000021b5c2c6800 Exception <a 'java/io/IOException'{0x000000008db01500}> (0x000000008db01500) thrown at [./open/src/hotspot/share/prims/jni.cpp, line 611]
Event: 266.382 Thread 0x0000021b5ae3d800 Exception <a 'java/io/IOException'{0x00000000988f6998}> (0x00000000988f6998) thrown at [./open/src/hotspot/share/prims/jni.cpp, line 611]
Event: 266.929 Thread 0x0000021b5c280800 Exception <a 'java/net/SocketTimeoutException'{0x000000008da3d790}: connect timed out> (0x000000008da3d790) thrown at [./open/src/hotspot/share/prims/jni.cpp, line 632]
Event: 271.750 Thread 0x0000021b5ae3e800 Exception <a 'java/io/IOException'{0x00000000991bd160}> (0x00000000991bd160) thrown at [./open/src/hotspot/share/prims/jni.cpp, line 611]
Event: 271.751 Thread 0x0000021b5ae44000 Exception <a 'java/io/IOException'{0x00000000991bf3e0}> (0x00000000991bf3e0) thrown at [./open/src/hotspot/share/prims/jni.cpp, line 611]
Event: 272.283 Thread 0x0000021b5c280800 Exception <a 'java/net/SocketTimeoutException'{0x000000009907b1f8}: connect timed out> (0x000000009907b1f8) thrown at [./open/src/hotspot/share/prims/jni.cpp, line 632]
Event: 277.409 Thread 0x0000021b3b3a5000 Exception <a 'java/lang/ClassNotFoundException'{0x0000000098ed9858}: sun/misc/SharedSecrets> (0x0000000098ed9858) thrown at [./open/src/hotspot/share/classfile/systemDictionary.cpp, line 228]
Event: 277.414 Thread 0x0000021b3b3a5000 Exception <a 'java/lang/reflect/InvocationTargetException'{0x0000000098efec20}> (0x0000000098efec20) thrown at [./open/src/hotspot/share/runtime/reflection.cpp, line 1242]

Events (10 events):
Event: 277.420 loading class org/eclipse/jdt/internal/junit/runner/TestReferenceFailure
Event: 277.420 loading class org/eclipse/jdt/internal/junit/runner/TestReferenceFailure done
Event: 277.421 Thread 0x0000021b3b3a5000 Uncommon trap: trap_request=0xffffff4d fr.pc=0x0000021b4b4c3efc relative=0x000000000000043c
Event: 277.421 Thread 0x0000021b3b3a5000 DEOPT PACKING pc=0x0000021b4b4c3efc sp=0x000000bed8bfd560
Event: 277.421 Thread 0x0000021b3b3a5000 DEOPT UNPACKING pc=0x0000021b438583af sp=0x000000bed8bfd4c8 mode 2
Event: 277.427 Thread 0x0000021b5a87a800 Thread added: 0x0000021b5a87a800
Event: 277.427 Thread 0x0000021b5a875000 Thread added: 0x0000021b5a875000
Event: 277.427 Thread 0x0000021b5a881000 Thread added: 0x0000021b5a881000
Event: 277.427 Executing VM operation: RevokeBias
Event: 277.427 Executing VM operation: RevokeBias done


Dynamic libraries:
0x00007ff6a79b0000 - 0x00007ff6a79bf000 	C:\Program Files\Java\jdk-11.0.11\bin\javaw.exe
0x00007ffa22030000 - 0x00007ffa22225000 	C:\WINDOWS\SYSTEM32\ntdll.dll
0x00007ffa20590000 - 0x00007ffa2064e000 	C:\WINDOWS\System32\KERNEL32.DLL
0x00007ffa1fd30000 - 0x00007ffa1fff8000 	C:\WINDOWS\System32\KERNELBASE.dll
0x00007ffa1fa80000 - 0x00007ffa1fb80000 	C:\WINDOWS\System32\ucrtbase.dll
0x00007ffa16a60000 - 0x00007ffa16a78000 	C:\Program Files\Java\jdk-11.0.11\bin\jli.dll
0x00007ffa21ea0000 - 0x00007ffa21f4c000 	C:\WINDOWS\System32\ADVAPI32.dll
0x00007ffa21f50000 - 0x00007ffa21fee000 	C:\WINDOWS\System32\msvcrt.dll
0x00007ffa21230000 - 0x00007ffa212cb000 	C:\WINDOWS\System32\sechost.dll
0x00007ffa20460000 - 0x00007ffa2058a000 	C:\WINDOWS\System32\RPCRT4.dll
0x00007ffa20080000 - 0x00007ffa20221000 	C:\WINDOWS\System32\USER32.dll
0x00007ffa1f7e0000 - 0x00007ffa1f802000 	C:\WINDOWS\System32\win32u.dll
0x00007ffa21050000 - 0x00007ffa2107b000 	C:\WINDOWS\System32\GDI32.dll
0x00007ffa1fb80000 - 0x00007ffa1fc8b000 	C:\WINDOWS\System32\gdi32full.dll
0x00007ffa0aa60000 - 0x00007ffa0acfa000 	C:\WINDOWS\WinSxS\amd64_microsoft.windows.common-controls_6595b64144ccf1df_6.0.19041.1110_none_60b5254171f9507e\COMCTL32.dll
0x00007ffa1fc90000 - 0x00007ffa1fd2d000 	C:\WINDOWS\System32\msvcp_win.dll
0x00007ffa155b0000 - 0x00007ffa155ba000 	C:\WINDOWS\SYSTEM32\VERSION.dll
0x00007ffa16a80000 - 0x00007ffa16a95000 	C:\Program Files\Java\jdk-11.0.11\bin\VCRUNTIME140.dll
0x00007ffa20230000 - 0x00007ffa20260000 	C:\WINDOWS\System32\IMM32.DLL
0x00007ff9f5020000 - 0x00007ff9f50bb000 	C:\Program Files\Java\jdk-11.0.11\bin\msvcp140.dll
0x00007ff9c5f10000 - 0x00007ff9c6a0e000 	C:\Program Files\Java\jdk-11.0.11\bin\server\jvm.dll
0x00007ffa20260000 - 0x00007ffa20268000 	C:\WINDOWS\System32\PSAPI.DLL
0x00007ffa06650000 - 0x00007ffa06677000 	C:\WINDOWS\SYSTEM32\WINMM.dll
0x00007ffa12550000 - 0x00007ffa12559000 	C:\WINDOWS\SYSTEM32\WSOCK32.dll
0x00007ffa20780000 - 0x00007ffa207eb000 	C:\WINDOWS\System32\WS2_32.dll
0x00007ffa1e020000 - 0x00007ffa1e032000 	C:\WINDOWS\SYSTEM32\kernel.appcore.dll
0x00007ffa16bc0000 - 0x00007ffa16bd0000 	C:\Program Files\Java\jdk-11.0.11\bin\verify.dll
0x00007ffa1d5e0000 - 0x00007ffa1d7c4000 	C:\WINDOWS\SYSTEM32\DBGHELP.DLL
0x00007ffa14910000 - 0x00007ffa1493c000 	C:\WINDOWS\SYSTEM32\dbgcore.DLL
0x00007ffa1f750000 - 0x00007ffa1f7d3000 	C:\WINDOWS\System32\bcryptPrimitives.dll
0x00007ffa126f0000 - 0x00007ffa12718000 	C:\Program Files\Java\jdk-11.0.11\bin\java.dll
0x00007ffa16bb0000 - 0x00007ffa16bba000 	C:\Program Files\Java\jdk-11.0.11\bin\jimage.dll
0x00007ffa13510000 - 0x00007ffa13526000 	C:\Program Files\Java\jdk-11.0.11\bin\zip.dll
0x00007ffa21540000 - 0x00007ffa21c7f000 	C:\WINDOWS\System32\SHELL32.dll
0x00007ffa1d830000 - 0x00007ffa1dfc0000 	C:\WINDOWS\SYSTEM32\windows.storage.dll
0x00007ffa20c70000 - 0x00007ffa20fc5000 	C:\WINDOWS\System32\combase.dll
0x00007ffa1f130000 - 0x00007ffa1f15e000 	C:\WINDOWS\SYSTEM32\Wldp.dll
0x00007ffa21360000 - 0x00007ffa2140d000 	C:\WINDOWS\System32\SHCORE.dll
0x00007ffa21e40000 - 0x00007ffa21e95000 	C:\WINDOWS\System32\shlwapi.dll
0x00007ffa1f690000 - 0x00007ffa1f6af000 	C:\WINDOWS\SYSTEM32\profapi.dll
0x00007ffa126d0000 - 0x00007ffa126e9000 	C:\Program Files\Java\jdk-11.0.11\bin\net.dll
0x00007ffa17100000 - 0x00007ffa1720c000 	C:\WINDOWS\SYSTEM32\WINHTTP.dll
0x00007ffa1ee90000 - 0x00007ffa1eefa000 	C:\WINDOWS\system32\mswsock.dll
0x00007ffa126b0000 - 0x00007ffa126c2000 	C:\Program Files\Java\jdk-11.0.11\bin\nio.dll
0x00007ffa0a8a0000 - 0x00007ffa0a8c5000 	C:\Program Files\Java\jdk-11.0.11\bin\sunec.dll
0x00007ffa1ebc0000 - 0x00007ffa1ec8b000 	C:\WINDOWS\SYSTEM32\DNSAPI.dll
0x00007ffa1eb80000 - 0x00007ffa1ebbb000 	C:\WINDOWS\SYSTEM32\IPHLPAPI.DLL
0x00007ffa21030000 - 0x00007ffa21038000 	C:\WINDOWS\System32\NSI.dll
0x00007ffa13670000 - 0x00007ffa1367a000 	C:\Windows\System32\rasadhlp.dll
0x00007ffa127a0000 - 0x00007ffa1281f000 	C:\WINDOWS\System32\fwpuclnt.dll
0x00007ffa20000000 - 0x00007ffa20027000 	C:\WINDOWS\System32\bcrypt.dll
0x00007ffa16600000 - 0x00007ffa16609000 	C:\Program Files\Java\jdk-11.0.11\bin\management.dll
0x00007ffa15060000 - 0x00007ffa1506b000 	C:\Program Files\Java\jdk-11.0.11\bin\management_ext.dll
0x00007ffa1f080000 - 0x00007ffa1f098000 	C:\WINDOWS\SYSTEM32\CRYPTSP.dll
0x00007ffa1e810000 - 0x00007ffa1e844000 	C:\WINDOWS\system32\rsaenh.dll
0x00007ffa1f650000 - 0x00007ffa1f67e000 	C:\WINDOWS\SYSTEM32\USERENV.dll
0x00007ffa1f0a0000 - 0x00007ffa1f0ac000 	C:\WINDOWS\SYSTEM32\CRYPTBASE.dll
0x00007ffa137a0000 - 0x00007ffa137b7000 	C:\WINDOWS\SYSTEM32\dhcpcsvc6.DLL
0x00007ffa14380000 - 0x00007ffa1439d000 	C:\WINDOWS\SYSTEM32\dhcpcsvc.DLL
0x00007ffa11e80000 - 0x00007ffa11e97000 	C:\WINDOWS\system32\napinsp.dll
0x00007ffa09540000 - 0x00007ffa0955b000 	C:\WINDOWS\system32\pnrpnsp.dll
0x00007ffa175c0000 - 0x00007ffa175d5000 	C:\WINDOWS\system32\wshbth.dll
0x00007ffa17230000 - 0x00007ffa1724d000 	C:\WINDOWS\system32\NLAapi.dll
0x00007ffa09520000 - 0x00007ffa09532000 	C:\WINDOWS\System32\winrnr.dll

dbghelp: loaded successfully - version: 4.0.5 - missing functions: none
symbol engine: initialized successfully - sym options: 0x614 - pdb path: .;C:\Program Files\Java\jdk-11.0.11\bin;C:\WINDOWS\SYSTEM32;C:\WINDOWS\WinSxS\amd64_microsoft.windows.common-controls_6595b64144ccf1df_6.0.19041.1110_none_60b5254171f9507e;C:\Program Files\Java\jdk-11.0.11\bin\server

VM Arguments:
jvm_args: -ea -Dfile.encoding=Cp1252 
java_command: org.eclipse.jdt.internal.junit.runner.RemoteTestRunner -version 3 -port 62181 -testLoaderClass org.eclipse.jdt.internal.junit5.runner.JUnit5TestLoader -loaderpluginname org.eclipse.jdt.junit5.runtime -packageNameFile C:\Users\gjose\AppData\Local\Temp\packageNames1237060614880059916.txt
java_class_path (initial): C:\Users\gjose\OneDrive\Desktop\QA\Individual Project\HWA-Project\SELENIUM V2\target\test-classes;C:\Users\gjose\OneDrive\Desktop\QA\Individual Project\HWA-Project\SELENIUM V2\target\classes;C:\Users\gjose\.p2\pool\plugins\org.junit.jupiter.api_5.7.1.v20210222-1948.jar;C:\Users\gjose\.p2\pool\plugins\org.junit.jupiter.engine_5.7.1.v20210222-1948.jar;C:\Users\gjose\.p2\pool\plugins\org.junit.jupiter.migrationsupport_5.7.1.v20210222-1948.jar;C:\Users\gjose\.p2\pool\plugins\org.junit.jupiter.params_5.7.1.v20210222-1948.jar;C:\Users\gjose\.p2\pool\plugins\org.junit.platform.commons_1.7.1.v20210222-1948.jar;C:\Users\gjose\.p2\pool\plugins\org.junit.platform.engine_1.7.1.v20210222-1948.jar;C:\Users\gjose\.p2\pool\plugins\org.junit.platform.launcher_1.7.1.v20210222-1948.jar;C:\Users\gjose\.p2\pool\plugins\org.junit.platform.runner_1.7.1.v20210222-1948.jar;C:\Users\gjose\.p2\pool\plugins\org.junit.platform.suite.api_1.7.1.v20210222-1948.jar;C:\Users\gjose\.p2\pool\plugins\org.junit.vintage.engine_5.7.1.v20210222-1948.jar;C:\Users\gjose\.p2\pool\plugins\org.opentest4j_1.2.0.v20190826-0900.jar;C:\Users\gjose\.p2\pool\plugins\org.apiguardian_1.1.0.v20190826-0900.jar;C:\Users\gjose\.p2\pool\plugins\org.junit_4.13.0.v20200204-1500.jar;C:\Users\gjose\.p2\pool\plugins\org.hamcrest.core_1.3.0.v20180420-1519.jar;C:\Users\gjose\.m2\repository\org\junit\jupiter\junit-jupiter-engine\5.8.0\junit-jupiter-engine-5.8.0.jar;C:\Users\gjose\.m2\repository\org\junit\platform\junit-platform-engine\1.8.0\junit-platform-engine-1.8.0.jar;C:\Users\gjose\.m2\repository\org\opentest4j\opentest4j\1.2.0\opentest4j-1.2.0.jar;C:\Users\gjose\.m2\repository\org\junit\platform\junit-platform-commons\1.8.0\junit-platform-commons-1.8.0.jar;C:\Users\gjose\.m2\repository\org\junit\jupiter\junit-jupiter-api\5.8.0\junit-jupiter-api-5.8.0.jar;C:\Users\gjose\.m2\repository\org\apiguardian\apiguardian-api\1.1.2\apiguardian-api-1.1.2.jar;C:\Users\gjose\.m2\repository\org\seleniumhq\seleni
Launcher Type: SUN_STANDARD

[Global flags]
     intx CICompilerCount                          = 4                                         {product} {ergonomic}
     uint ConcGCThreads                            = 2                                         {product} {ergonomic}
     uint G1ConcRefinementThreads                  = 8                                         {product} {ergonomic}
   size_t G1HeapRegionSize                         = 1048576                                   {product} {ergonomic}
    uintx GCDrainStackTargetSize                   = 64                                        {product} {ergonomic}
   size_t InitialHeapSize                          = 127926272                                 {product} {ergonomic}
   size_t MarkStackSize                            = 4194304                                   {product} {ergonomic}
   size_t MaxHeapSize                              = 2040528896                                {product} {ergonomic}
   size_t MaxNewSize                               = 1223688192                                {product} {ergonomic}
   size_t MinHeapDeltaBytes                        = 1048576                                   {product} {ergonomic}
    uintx NonNMethodCodeHeapSize                   = 5836300                                {pd product} {ergonomic}
    uintx NonProfiledCodeHeapSize                  = 122910970                              {pd product} {ergonomic}
    uintx ProfiledCodeHeapSize                     = 122910970                              {pd product} {ergonomic}
    uintx ReservedCodeCacheSize                    = 251658240                              {pd product} {ergonomic}
     bool SegmentedCodeCache                       = true                                      {product} {ergonomic}
     bool UseCompressedClassPointers               = true                                 {lp64_product} {ergonomic}
     bool UseCompressedOops                        = true                                 {lp64_product} {ergonomic}
     bool UseG1GC                                  = true                                      {product} {ergonomic}
     bool UseLargePagesIndividualAllocation        = false                                  {pd product} {ergonomic}

Logging:
Log output configuration:
 #0: stdout all=warning uptime,level,tags
 #1: stderr all=off uptime,level,tags

Environment Variables:
JAVA_HOME=C:\Program Files\Java\jdk-11.0.11
PATH=C:/Program Files/Java/jdk-11.0.11/bin/server;C:/Program Files/Java/jdk-11.0.11/bin;C:\Program Files\Common Files\Oracle\Java\javapath;C:\WINDOWS\system32;C:\WINDOWS;C:\WINDOWS\System32\Wbem;C:\WINDOWS\System32\WindowsPowerShell\v1.0\;C:\WINDOWS\System32\OpenSSH\;%MYSQL_HOME%\bin;C:\Program Files\Git\cmd;C:\Program Files\Java\jdk-11.0.11\bin;C:\Program Files\MySQL\MySQL Server 8.0\bin;C:\Program Files\MySQL\MySQL Shell 8.0\bin\;C:\Users\gjose\AppData\Local\Microsoft\WindowsApps;C:\Program Files\bin;;C:\Users\gjose\AppData\Local\Programs\Microsoft VS Code\bin;C:\WINDOWS\system32;
USERNAME=gjose
OS=Windows_NT
PROCESSOR_IDENTIFIER=Intel64 Family 6 Model 126 Stepping 5, GenuineIntel



---------------  S Y S T E M  ---------------

OS: Windows 10 , 64 bit Build 19041 (10.0.19041.1348)

CPU:total 8 (initial active 8) (4 cores per cpu, 2 threads per core) family 6 model 126 stepping 5 microcode 0xa6, cmov, cx8, fxsr, mmx, sse, sse2, sse3, ssse3, sse4.1, sse4.2, popcnt, avx, avx2, aes, clmul, erms, 3dnowpref, lzcnt, ht, tsc, tscinvbit, bmi1, bmi2, adx, evex, sha, fma

Memory: 4k page, system-wide physical 7778M (627M free)
TotalPageFile size 22881M (AvailPageFile size 99M)
current process WorkingSet (physical memory assigned to process): 636M, peak: 652M
current process commit charge ("private bytes"): 712M, peak: 722M

vm_info: Java HotSpot(TM) 64-Bit Server VM (11.0.11+9-LTS-194) for windows-amd64 JRE (11.0.11+9-LTS-194), built on Mar 18 2021 18:46:53 by "mach5one" with MS VC++ 15.9 (VS2017)

END.
